"J:/!HorrorFP/TestHorror/Content/FirstPersonBP/FirstPersonOverview.uasset" 0
"J:/!HorrorFP/TestHorror/Content/FirstPersonBP/Maps/Floors/Material.uasset" 1
"J:/!HorrorFP/TestHorror/Content/FirstPersonBP/Maps/Floors/Floor1.uasset" 2
"J:/!HorrorFP/TestHorror/Content/FirstPersonBP/Maps/Floors/Floor2Rev2.uasset" 3
"J:/!HorrorFP/TestHorror/Content/FirstPersonBP/Maps/Floors/Floor2Rev3.uasset" 4
"J:/!HorrorFP/TestHorror/Content/FirstPersonBP/Maps/Floors/Floor2Rev4.uasset" 5
"J:/!HorrorFP/TestHorror/Content/FirstPersonBP/Maps/Floors/Floor2Rev5.uasset" 6
"J:/!HorrorFP/TestHorror/Content/FirstPersonBP/Maps/Floors/Floor3.uasset" 7
"J:/!HorrorFP/TestHorror/Content/FirstPersonBP/Maps/Floors/Material_003.uasset" 8
"J:/!HorrorFP/TestHorror/Content/FirstPersonBP/Maps/Floors/Floor3Rev2.uasset" 9
"J:/!HorrorFP/TestHorror/Content/FirstPersonBP/Maps/Floors/Floor2Hole/Material_001.uasset" 10
"J:/!HorrorFP/TestHorror/Content/FirstPersonBP/Exhibits/Lighting1/polySurface2Mat.uasset" 11
"J:/!HorrorFP/TestHorror/Content/FirstPersonBP/GeneralAssets/TV/Tv_1__Cor_.uasset" 12
"J:/!HorrorFP/TestHorror/Content/FirstPersonBP/GeneralAssets/TV/TV_1Mat.uasset" 13
"J:/!HorrorFP/TestHorror/Content/FirstPersonBP/GeneralAssets/TV/Tv1.uasset" 14
"J:/!HorrorFP/TestHorror/Content/FirstPersonBP/Materials/Metal/Metal038_1K_Displacement.uasset" 15
"J:/!HorrorFP/TestHorror/Content/FirstPersonBP/Materials/Metal/Metal038_1K_NormalDX.uasset" 16
"J:/!HorrorFP/TestHorror/Content/FirstPersonBP/Materials/Rock/Rock_047_Height.uasset" 17
"../../../Engine/Content/EditorBlueprintResources/StandardMacros.uasset" 18
"J:/!HorrorFP/TestHorror/Content/StarterContent/Audio/UsingForGame/Footsteps/FootE.uasset" 19
"J:/!HorrorFP/TestHorror/Content/StarterContent/Audio/UsingForGame/Footsteps/FootD.uasset" 20
"J:/!HorrorFP/TestHorror/Content/StarterContent/Audio/UsingForGame/Footsteps/FootC.uasset" 21
"J:/!HorrorFP/TestHorror/Content/StarterContent/Audio/UsingForGame/Footsteps/FootB.uasset" 22
"J:/!HorrorFP/TestHorror/Content/StarterContent/Audio/UsingForGame/Footsteps/FootA.uasset" 23
"J:/!HorrorFP/TestHorror/Content/StarterContent/Audio/UsingForGame/Footsteps/Cue_Footsteps.uasset" 24
"../../../Engine/Content/Animation/DefaultAnimCurveCompressionSettings.uasset" 25
"../../../Engine/Content/Animation/DefaultAnimBoneCompressionSettings.uasset" 26
"J:/!HorrorFP/TestHorror/Content/FirstPerson/Character/Mesh/SK_Mannequin_Arms_Skeleton.uasset" 27
"J:/!HorrorFP/TestHorror/Content/FirstPerson/Animations/FirstPerson_Run.uasset" 28
"J:/!HorrorFP/TestHorror/Content/FirstPerson/Animations/FirstPerson_JumpStart.uasset" 29
"J:/!HorrorFP/TestHorror/Content/FirstPerson/Animations/FirstPerson_JumpLoop.uasset" 30
"J:/!HorrorFP/TestHorror/Content/FirstPerson/Animations/FirstPerson_JumpEnd.uasset" 31
"J:/!HorrorFP/TestHorror/Content/FirstPerson/Animations/FirstPerson_Idle.uasset" 32
"J:/!HorrorFP/TestHorror/Content/FirstPerson/Animations/FirstPerson_AnimBP.uasset" 33
"J:/!HorrorFP/TestHorror/Content/FirstPerson/Character/Mesh/FirstPersonAnimBlueprint_Copy.uasset" 34
"J:/!HorrorFP/TestHorror/Content/FirstPerson/Character/Textures/UE4_LOGO_CARD.uasset" 35
"J:/!HorrorFP/TestHorror/Content/FirstPerson/FPWeapon/Materials/MaterialLayers/ML_Plastic_Shiny_Beige_LOGO.uasset" 36
"J:/!HorrorFP/TestHorror/Content/FirstPerson/FPWeapon/Materials/MaterialLayers/T_ML_FineRubber.uasset" 37
"J:/!HorrorFP/TestHorror/Content/FirstPerson/FPWeapon/Mesh/SK_FPGun_PhysicsAsset.uasset" 38
"J:/!HorrorFP/TestHorror/Content/FirstPerson/Meshes/BaseMaterial.uasset" 39
"J:/!HorrorFP/TestHorror/Content/FirstPerson/Meshes/CubeMaterialOverride.uasset" 40
"J:/!HorrorFP/TestHorror/Content/Geometry/Meshes/CubeMaterial.uasset" 41
"J:/!HorrorFP/TestHorror/Content/Geometry/Meshes/1M_Cube.uasset" 42
"J:/!HorrorFP/TestHorror/Content/Geometry/Meshes/1M_Cube_Chamfer.uasset" 43
"J:/!HorrorFP/TestHorror/Content/Geometry/Meshes/TemplateFloor.uasset" 44
"J:/!HorrorFP/TestHorror/Content/StarterContent/Materials/M_Basic_Wall.uasset" 45
"J:/!HorrorFP/TestHorror/Content/StarterContent/Architecture/Pillar_50x500.uasset" 46
"J:/!HorrorFP/TestHorror/Content/StarterContent/Architecture/Wall_400x300.uasset" 47
"J:/!HorrorFP/TestHorror/Content/StarterContent/Architecture/Wall_400x400.uasset" 48
"J:/!HorrorFP/TestHorror/Content/StarterContent/Architecture/Wall_500x500.uasset" 49
"J:/!HorrorFP/TestHorror/Content/StarterContent/Architecture/Wall_Door_400x400.uasset" 50
"J:/!HorrorFP/TestHorror/Content/StarterContent/Architecture/Wall_Window_400x400.uasset" 51
"J:/!HorrorFP/TestHorror/Content/StarterContent/Audio/Collapse01.uasset" 52
"J:/!HorrorFP/TestHorror/Content/StarterContent/Audio/Collapse02.uasset" 53
"J:/!HorrorFP/TestHorror/Content/StarterContent/Audio/Explosion01.uasset" 54
"J:/!HorrorFP/TestHorror/Content/StarterContent/Audio/Explosion02.uasset" 55
"J:/!HorrorFP/TestHorror/Content/StarterContent/Audio/Fire01.uasset" 56
"J:/!HorrorFP/TestHorror/Content/StarterContent/Audio/Fire_Sparks01.uasset" 57
"J:/!HorrorFP/TestHorror/Content/StarterContent/Audio/Light01.uasset" 58
"J:/!HorrorFP/TestHorror/Content/StarterContent/Audio/Light01_Cue.uasset" 59
"J:/!HorrorFP/TestHorror/Content/StarterContent/Audio/Light02.uasset" 60
"J:/!HorrorFP/TestHorror/Content/StarterContent/Audio/Light02_Cue.uasset" 61
"J:/!HorrorFP/TestHorror/Content/StarterContent/Audio/Smoke01.uasset" 62
"J:/!HorrorFP/TestHorror/Content/StarterContent/Audio/Starter_Birds01.uasset" 63
"J:/!HorrorFP/TestHorror/Content/StarterContent/Audio/Starter_Music01.uasset" 64
"J:/!HorrorFP/TestHorror/Content/StarterContent/Audio/Starter_Wind05.uasset" 65
"J:/!HorrorFP/TestHorror/Content/StarterContent/Audio/Starter_Wind06.uasset" 66
"J:/!HorrorFP/TestHorror/Content/StarterContent/Audio/Steam01.uasset" 67
"J:/!HorrorFP/TestHorror/Content/StarterContent/Audio/UsingForGame/Ambience/SM_MstBang.uasset" 68
"J:/!HorrorFP/TestHorror/Content/StarterContent/Audio/UsingForGame/Ambience/SC_Banging.uasset" 69
"J:/!HorrorFP/TestHorror/Content/StarterContent/Audio/UsingForGame/Ambience/AmbienceBanging.uasset" 70
"J:/!HorrorFP/TestHorror/Content/StarterContent/Audio/UsingForGame/Ambience/Cue_AmbienceBanging.uasset" 71
"J:/!HorrorFP/TestHorror/Content/StarterContent/Audio/UsingForGame/Cue_AmbienceBanging.uasset" 72
"J:/!HorrorFP/TestHorror/Content/StarterContent/Audio/UsingForGame/Ambience/AmbienceFull.uasset" 73
"J:/!HorrorFP/TestHorror/Content/StarterContent/Audio/UsingForGame/Ambience/SC_Master.uasset" 74
"J:/!HorrorFP/TestHorror/Content/StarterContent/Audio/UsingForGame/Ambience/SC_Ambient.uasset" 75
"J:/!HorrorFP/TestHorror/Content/StarterContent/Audio/UsingForGame/Ambience/Cue_AmbienceFull.uasset" 76
"J:/!HorrorFP/TestHorror/Content/StarterContent/Audio/UsingForGame/Cue_AmbienceFull.uasset" 77
"J:/!HorrorFP/TestHorror/Content/StarterContent/Audio/UsingForGame/Ambience/AmbienceMid.uasset" 78
"J:/!HorrorFP/TestHorror/Content/StarterContent/Audio/UsingForGame/Ambience/Cue_AmbienceMid.uasset" 79
"J:/!HorrorFP/TestHorror/Content/StarterContent/Audio/UsingForGame/Cue_AmbienceMid.uasset" 80
"J:/!HorrorFP/TestHorror/Content/StarterContent/Audio/UsingForGame/Ambience/Test.uasset" 81
"J:/!HorrorFP/TestHorror/Content/StarterContent/Audio/UsingForGame/Ambience/Cue_Test.uasset" 82
"J:/!HorrorFP/TestHorror/Content/StarterContent/Audio/UsingForGame/Cue_Test.uasset" 83
"J:/!HorrorFP/TestHorror/Content/StarterContent/Audio/UsingForGame/SC_Banging.uasset" 84
"J:/!HorrorFP/TestHorror/Content/StarterContent/Audio/UsingForGame/SC_MasterMain.uasset" 85
"J:/!HorrorFP/TestHorror/Content/StarterContent/Audio/UsingForGame/Ambience/SM_Ambient.uasset" 86
"J:/!HorrorFP/TestHorror/Content/StarterContent/Audio/UsingForGame/SM_AmbientMain.uasset" 87
"J:/!HorrorFP/TestHorror/Content/StarterContent/Audio/UsingForGame/Ambience/SC_SFX.uasset" 88
"J:/!HorrorFP/TestHorror/Content/StarterContent/Audio/UsingForGame/Ambience/AmbienceBreathing.uasset" 89
"J:/!HorrorFP/TestHorror/Content/StarterContent/Audio/UsingForGame/Ambience/Cue_AmbienceBreathing.uasset" 90
"J:/!HorrorFP/TestHorror/Content/StarterContent/Audio/UsingForGame/Ambience/SM_MstBGM.uasset" 91
"J:/!HorrorFP/TestHorror/Content/StarterContent/Audio/UsingForGame/Ambience/SC_BGM.uasset" 92
"J:/!HorrorFP/TestHorror/Content/StarterContent/Audio/UsingForGame/Ambience/BGM2.uasset" 93
"J:/!HorrorFP/TestHorror/Content/StarterContent/Audio/UsingForGame/Ambience/Cue_BGM2.uasset" 94
"J:/!HorrorFP/TestHorror/Content/StarterContent/Audio/UsingForGame/Ambience/BGM1.uasset" 95
"J:/!HorrorFP/TestHorror/Content/StarterContent/Audio/UsingForGame/Ambience/Cue_BGM1.uasset" 96
"J:/!HorrorFP/TestHorror/Content/StarterContent/Audio/UsingForGame/Ambience/BGM3.uasset" 97
"J:/!HorrorFP/TestHorror/Content/StarterContent/Audio/UsingForGame/Ambience/Cue_BGM3.uasset" 98
"../../../Engine/Content/Functions/Engine_MaterialFunctions01/Gradient/RadialGradient.uasset" 99
"J:/!HorrorFP/TestHorror/Content/StarterContent/Particles/Materials/M_radial_ramp.uasset" 100
"J:/!HorrorFP/TestHorror/Content/StarterContent/Particles/Materials/m_flare_01.uasset" 101
"J:/!HorrorFP/TestHorror/Content/StarterContent/Textures/T_Explosion_SubUV.uasset" 102
"J:/!HorrorFP/TestHorror/Content/StarterContent/Particles/Materials/M_explosion_subUV.uasset" 103
"J:/!HorrorFP/TestHorror/Content/StarterContent/Textures/T_Burst_M.uasset" 104
"J:/!HorrorFP/TestHorror/Content/StarterContent/Particles/Materials/M_Burst.uasset" 105
"J:/!HorrorFP/TestHorror/Content/StarterContent/Textures/T_Smoke_Tiled_D.uasset" 106
"J:/!HorrorFP/TestHorror/Content/StarterContent/Textures/T_Smoke_SubUV.uasset" 107
"J:/!HorrorFP/TestHorror/Content/StarterContent/Particles/Materials/M_smoke_subUV.uasset" 108
"J:/!HorrorFP/TestHorror/Content/StarterContent/Particles/P_Explosion.uasset" 109
"J:/!HorrorFP/TestHorror/Content/StarterContent/Audio/Explosion_Cue.uasset" 110
"J:/!HorrorFP/TestHorror/Content/StarterContent/Blueprints/Blueprint_Effect_Explosion.uasset" 111
"../../../Engine/Content/EditorMeshes/ColorCalibrator/T_ColorGrid.uasset" 112
"J:/!HorrorFP/TestHorror/Content/StarterContent/Materials/M_ColorGrid_LowSpec.uasset" 113
"J:/!HorrorFP/TestHorror/Content/StarterContent/Textures/T_Bush_N.uasset" 114
"J:/!HorrorFP/TestHorror/Content/StarterContent/Textures/T_Bush_D.uasset" 115
"J:/!HorrorFP/TestHorror/Content/StarterContent/Props/Materials/M_Bush.uasset" 116
"J:/!HorrorFP/TestHorror/Content/StarterContent/Props/SM_Bush.uasset" 117
"J:/!HorrorFP/TestHorror/Content/StarterContent/Textures/T_Chair_N.uasset" 118
"J:/!HorrorFP/TestHorror/Content/StarterContent/Textures/T_Chair_M.uasset" 119
"J:/!HorrorFP/TestHorror/Content/StarterContent/Props/Materials/M_Chair.uasset" 120
"J:/!HorrorFP/TestHorror/Content/StarterContent/Props/SM_Couch.uasset" 121
"J:/!HorrorFP/TestHorror/Content/StarterContent/Materials/M_Glass.uasset" 122
"J:/!HorrorFP/TestHorror/Content/StarterContent/Textures/T_Door_N.uasset" 123
"J:/!HorrorFP/TestHorror/Content/StarterContent/Textures/T_Door_M.uasset" 124
"J:/!HorrorFP/TestHorror/Content/StarterContent/Props/Materials/M_Door.uasset" 125
"J:/!HorrorFP/TestHorror/Content/StarterContent/Props/SM_Door.uasset" 126
"J:/!HorrorFP/TestHorror/Content/StarterContent/Props/Materials/M_MaterialSphere_Plain.uasset" 127
"J:/!HorrorFP/TestHorror/Content/StarterContent/Props/Materials/M_MaterialSphere.uasset" 128
"J:/!HorrorFP/TestHorror/Content/StarterContent/Props/SM_MatPreviewMesh_02.uasset" 129
"J:/!HorrorFP/TestHorror/Content/StarterContent/Textures/T_Rock_Basalt_D.uasset" 130
"J:/!HorrorFP/TestHorror/Content/StarterContent/Textures/T_RockMesh_N.uasset" 131
"J:/!HorrorFP/TestHorror/Content/StarterContent/Textures/T_RockMesh_M.uasset" 132
"J:/!HorrorFP/TestHorror/Content/StarterContent/Textures/T_Detail_Rocky_N.uasset" 133
"../../../Engine/Content/Functions/Engine_MaterialFunctions02/Utility/BlendAngleCorrectedNormals.uasset" 134
"J:/!HorrorFP/TestHorror/Content/StarterContent/Props/Materials/M_Rock.uasset" 135
"J:/!HorrorFP/TestHorror/Content/StarterContent/Props/SM_Rock.uasset" 136
"J:/!HorrorFP/TestHorror/Content/StarterContent/Textures/T_Shelf_N.uasset" 137
"J:/!HorrorFP/TestHorror/Content/StarterContent/Textures/T_Shelf_M.uasset" 138
"J:/!HorrorFP/TestHorror/Content/StarterContent/Props/Materials/M_Shelf.uasset" 139
"J:/!HorrorFP/TestHorror/Content/StarterContent/Props/SM_Shelf.uasset" 140
"J:/!HorrorFP/TestHorror/Content/StarterContent/Materials/M_Basic_Floor.uasset" 141
"J:/!HorrorFP/TestHorror/Content/StarterContent/Props/SM_Stairs.uasset" 142
"J:/!HorrorFP/TestHorror/Content/StarterContent/Shapes/Shape_Cone.uasset" 143
"J:/!HorrorFP/TestHorror/Content/StarterContent/Shapes/Shape_Cylinder.uasset" 144
"J:/!HorrorFP/TestHorror/Content/StarterContent/Shapes/Shape_NarrowCapsule.uasset" 145
"J:/!HorrorFP/TestHorror/Content/StarterContent/Shapes/Shape_Pipe.uasset" 146
"J:/!HorrorFP/TestHorror/Content/StarterContent/Shapes/Shape_Pipe_180.uasset" 147
"J:/!HorrorFP/TestHorror/Content/StarterContent/Shapes/Shape_Pipe_90.uasset" 148
"J:/!HorrorFP/TestHorror/Content/StarterContent/Shapes/Shape_Plane.uasset" 149
"J:/!HorrorFP/TestHorror/Content/StarterContent/Shapes/Shape_Torus.uasset" 150
"J:/!HorrorFP/TestHorror/Content/StarterContent/Shapes/Shape_Trim.uasset" 151
"J:/!HorrorFP/TestHorror/Content/StarterContent/Shapes/Shape_Trim_90_In.uasset" 152
"J:/!HorrorFP/TestHorror/Content/StarterContent/Shapes/Shape_Trim_90_Out.uasset" 153
"J:/!HorrorFP/TestHorror/Content/StarterContent/Shapes/Shape_TriPyramid.uasset" 154
"J:/!HorrorFP/TestHorror/Content/StarterContent/Shapes/Shape_Tube.uasset" 155
"J:/!HorrorFP/TestHorror/Content/StarterContent/Shapes/Shape_Wedge_A.uasset" 156
"J:/!HorrorFP/TestHorror/Content/StarterContent/Shapes/Shape_Wedge_B.uasset" 157
"J:/!HorrorFP/TestHorror/Content/StarterContent/Shapes/Shape_WideCapsule.uasset" 158
"J:/!HorrorFP/TestHorror/Content/DungeonLamps/Textures/Particles/T_Smoke_GK_Tiled_cc.uasset" 159
"J:/!HorrorFP/TestHorror/Content/DungeonLamps/Textures/Particles/T_Smoke_GK_SubUV.uasset" 160
"J:/!HorrorFP/TestHorror/Content/DungeonLamps/Materials/Particles/M_smoke_subUV.uasset" 161
"J:/!HorrorFP/TestHorror/Content/DungeonLamps/Materials/Particles/M_Radial_Gradient.uasset" 162
"J:/!HorrorFP/TestHorror/Content/DungeonLamps/Textures/Particles/T_Water_GK_nm.uasset" 163
"J:/!HorrorFP/TestHorror/Content/DungeonLamps/Materials/Particles/M_Heat_Distortion.uasset" 164
"J:/!HorrorFP/TestHorror/Content/DungeonLamps/Textures/Particles/T_Fire_GK_SubUV.uasset" 165
"J:/!HorrorFP/TestHorror/Content/DungeonLamps/Textures/Particles/T_Flame_002_cc.uasset" 166
"J:/!HorrorFP/TestHorror/Content/DungeonLamps/Materials/Particles/M_Fire_SubUV.uasset" 167
"J:/!HorrorFP/TestHorror/Content/DungeonLamps/Particles/P_Fire_for_Tortches.uasset" 168
"J:/!HorrorFP/TestHorror/Content/Movies/SixMen.uasset" 169
"J:/!HorrorFP/TestHorror/Content/Movies/Playlist1.uasset" 170
"../../../Engine/Content/EngineMaterials/T_Default_Material_Grid_N.uasset" 171
"../../../Engine/Content/EngineMaterials/T_Default_Material_Grid_M.uasset" 172
"../../../Engine/Content/Functions/Engine_MaterialFunctions01/Opacity/CameraDepthFade.uasset" 173
"../../../Engine/Content/EngineMaterials/WorldGridMaterial.uasset" 174
"../../../Engine/Content/ArtTools/RenderToTexture/Meshes/S_1_Unit_Plane.uasset" 175
"../../../Engine/Content/EngineMaterials/DefaultMaterial.uasset" 176
"../../../Engine/Content/BasicShapes/Cone.uasset" 177
"../../../Engine/Content/BasicShapes/Sphere.uasset" 178
"../../../Engine/Content/EditorLandscapeResources/DataLayer.uasset" 179
"../../../Engine/Content/EditorLandscapeResources/DefaultAlphaTexture.uasset" 180
"../../../Engine/Content/EditorMaterials/MAT_Groups_Toggle.uasset" 181
"../../../Engine/Content/EditorMaterials/MAT_Groups_Visibility.uasset" 182
"../../../Engine/Content/EditorMaterials/PreviewShadowIndicator.uasset" 183
"../../../Engine/Content/EditorMaterials/PreviewShadowIndicatorMaterial.uasset" 184
"../../../Engine/Content/EditorMaterials/MatineeGroups/MAT_ColorTrack.uasset" 185
"../../../Engine/Content/EditorMaterials/MatineeGroups/MAT_Groups_Anim.uasset" 186
"../../../Engine/Content/EditorMaterials/MatineeGroups/MAT_Groups_AudioMaster.uasset" 187
"../../../Engine/Content/EditorMaterials/MatineeGroups/MAT_Groups_Director.uasset" 188
"../../../Engine/Content/EditorMaterials/MatineeGroups/MAT_Groups_Event.uasset" 189
"../../../Engine/Content/EditorMaterials/MatineeGroups/MAT_Groups_Fade.uasset" 190
"../../../Engine/Content/EditorMaterials/MatineeGroups/MAT_Groups_Float.uasset" 191
"../../../Engine/Content/EditorMaterials/MatineeGroups/MAT_Groups_Move.uasset" 192
"../../../Engine/Content/EditorMaterials/MatineeGroups/MAT_Groups_Slomo.uasset" 193
"../../../Engine/Content/EditorMaterials/MatineeGroups/MAT_Groups_Sound.uasset" 194
"../../../Engine/Content/EditorMaterials/MatineeGroups/MAT_Groups_Vector.uasset" 195
"../../../Engine/Content/EditorMaterials/ParticleSystems/PSysThumbnail_NoImage.uasset" 196
"../../../Engine/Content/EditorMaterials/ParticleSystems/PSysThumbnail_OOD.uasset" 197
"../../../Engine/Content/EditorMaterials/Camera/CineMat.uasset" 198
"../../../Engine/Content/EditorMaterials/Camera/MI_CineMat_Rig.uasset" 199
"../../../Engine/Content/EditorMeshes/Camera/SM_CraneRig_Arm.uasset" 200
"../../../Engine/Content/EditorMeshes/Camera/SM_CraneRig_Base.uasset" 201
"../../../Engine/Content/EditorMeshes/Camera/SM_CraneRig_Body.uasset" 202
"../../../Engine/Content/EditorMeshes/Camera/SM_CraneRig_Mount.uasset" 203
"../../../Engine/Content/EditorMeshes/Camera/SM_RailRig_Mount.uasset" 204
"../../../Engine/Content/EditorMeshes/Camera/SM_RailRig_Track.uasset" 205
"../../../Engine/Content/EditorResources/BSPVertex.uasset" 206
"../../../Engine/Content/EditorResources/EmptyActor.uasset" 207
"../../../Engine/Content/EditorResources/S_Actor.uasset" 208
"../../../Engine/Content/EditorResources/S_Note.uasset" 209
"../../../Engine/Content/EditorResources/S_Solver.uasset" 210
"../../../Engine/Content/EditorResources/S_Terrain.uasset" 211
"../../../Engine/Content/EditorResources/S_Trigger.uasset" 212
"../../../Engine/Content/EditorResources/AudioIcons/S_AudioComponent.uasset" 213
"../../../Engine/Content/EditorResources/AudioIcons/S_AudioComponent_AutoActivate.uasset" 214
"../../../Engine/Content/EditorResources/LightIcons/S_LightError.uasset" 215
"../../../Engine/Content/EditorResources/SequenceRecorder/Countdown.uasset" 216
"../../../Engine/Content/EditorResources/SequenceRecorder/RecordingIndicator.uasset" 217
"../../../Engine/Content/EngineDamageTypes/DmgTypeBP_Environmental.uasset" 218
"../../../Engine/Content/EngineDebugMaterials/DebugEditorMaterial.uasset" 219
"../../../Engine/Content/EngineDebugMaterials/DebugMeshMaterial.uasset" 220
"../../../Engine/Content/EngineDebugMaterials/M_SimpleUnlitTranslucent.uasset" 221
"../../../Engine/Content/EngineDebugMaterials/VolumeToRender.uasset" 222
"../../../Engine/Content/Functions/Engine_MaterialFunctions02/Utility/CameraDirectionVector.uasset" 223
"../../../Engine/Content/EngineDebugMaterials/M_VolumeRenderSphereTracePP.uasset" 224
"../../../Engine/Content/Functions/Engine_MaterialFunctions01/Shading/ConvertFromDiffSpec.uasset" 225
"../../../Engine/Content/EngineDebugMaterials/VertexColorMaterial.uasset" 226
"../../../Engine/Content/EngineDebugMaterials/WireframeMaterial.uasset" 227
"../../../Engine/Content/EngineFonts/Faces/RobotoRegular.uasset" 228
"../../../Engine/Content/EngineFonts/Faces/RobotoLight.uasset" 229
"../../../Engine/Content/EngineFonts/Faces/RobotoItalic.uasset" 230
"../../../Engine/Content/EngineFonts/Faces/RobotoBoldItalic.uasset" 231
"../../../Engine/Content/EngineFonts/Faces/RobotoBold.uasset" 232
"../../../Engine/Content/EngineFonts/Faces/DroidSansFallback.uasset" 233
"../../../Engine/Content/EngineFonts/Roboto.uasset" 234
"../../../Engine/Content/EngineMaterials/BaseFlattenNormalMap.uasset" 235
"../../../Engine/Content/EngineMaterials/BaseFlattenGrayscaleMap.uasset" 236
"../../../Engine/Content/EngineMaterials/BaseFlattenEmissiveMap.uasset" 237
"../../../Engine/Content/EngineMaterials/BaseFlattenDiffuseMap.uasset" 238
"../../../Engine/Content/EngineMaterials/BaseFlattenMaterial.uasset" 239
"../../../Engine/Content/EngineMaterials/BlueNoise.uasset" 240
"../../../Engine/Content/EngineMaterials/DefaultBloomKernel.uasset" 241
"../../../Engine/Content/EngineMaterials/DefaultBokeh.uasset" 242
"../../../Engine/Content/EngineMaterials/DefaultDiffuse.uasset" 243
"../../../Engine/Content/EngineMaterials/DefaultDeferredDecalMaterial.uasset" 244
"../../../Engine/Content/EngineMaterials/DefaultLightFunctionMaterial.uasset" 245
"../../../Engine/Content/EngineMaterials/DefaultPhysicalMaterial.uasset" 246
"../../../Engine/Content/Functions/Engine_MaterialFunctions02/Utility/BreakOutFloat2Components.uasset" 247
"../../../Engine/Content/EngineMaterials/DefaultPostProcessMaterial.uasset" 248
"../../../Engine/Content/EngineFonts/RobotoDistanceField.uasset" 249
"../../../Engine/Content/EngineMaterials/DefaultTextMaterialOpaque.uasset" 250
"../../../Engine/Content/EngineMaterials/DefaultWhiteGrid.uasset" 251
"../../../Engine/Content/EngineMaterials/DefaultWhiteGrid_Low.uasset" 252
"../../../Engine/Content/EngineMaterials/EmissiveMeshMaterial.uasset" 253
"../../../Engine/Content/EngineMaterials/GizmoMaterial.uasset" 254
"../../../Engine/Content/EngineMaterials/Good64x64TilingNoiseHighFreq.uasset" 255
"../../../Engine/Content/EngineMaterials/MiniFont.uasset" 256
"../../../Engine/Content/EngineMaterials/InvalidLightmapSettings.uasset" 257
"../../../Engine/Content/EngineMaterials/M_InvalidLightmapSettings.uasset" 258
"../../../Engine/Content/Functions/Engine_MaterialFunctions02/WorldPositionOffset/CameraOffset.uasset" 259
"../../../Engine/Content/EngineMaterials/PhAT_JointLimitMaterial.uasset" 260
"../../../Engine/Content/EngineMaterials/PreintegratedSkinBRDF.uasset" 261
"../../../Engine/Content/EngineMaterials/RemoveSurfaceMaterial.uasset" 262
"../../../Engine/Content/EngineMaterials/WeightMapPlaceholderTexture.uasset" 263
"../../../Engine/Content/EngineResources/WhiteSquareTexture.uasset" 264
"../../../Engine/Content/EngineMaterials/Widget3DPassThrough.uasset" 265
"../../../Engine/Content/EngineMaterials/Widget3DPassThrough_Masked.uasset" 266
"../../../Engine/Content/EngineMaterials/Widget3DPassThrough_Opaque.uasset" 267
"../../../Engine/Content/EngineMaterials/Widget3DPassThrough_Masked_OneSided.uasset" 268
"../../../Engine/Content/EngineMaterials/Widget3DPassThrough_Opaque_OneSided.uasset" 269
"../../../Engine/Content/EngineMaterials/Widget3DPassThrough_Translucent.uasset" 270
"../../../Engine/Content/EngineMaterials/Widget3DPassThrough_Translucent_OneSided.uasset" 271
"../../../Engine/Content/EngineMeshes/Cylinder.uasset" 272
"../../../Engine/Content/EngineMeshes/Sphere.uasset" 273
"../../../Engine/Content/EngineResources/Black.uasset" 274
"../../../Engine/Content/EngineResources/DefaultTextureCube.uasset" 275
"../../../Engine/Content/EngineResources/DefaultVolumeTexture2D.uasset" 276
"../../../Engine/Content/EngineResources/DefaultVolumeTexture.uasset" 277
"../../../Engine/Content/EngineResources/GradientTexture0.uasset" 278
"../../../Engine/Content/EngineSky/VolumetricClouds/T_NoiseShape64.uasset" 279
"../../../Engine/Content/EngineSky/VolumetricClouds/T_VolumeNoiseShape64.uasset" 280
"../../../Engine/Content/EngineSky/VolumetricClouds/T_NoiseErosion.uasset" 281
"../../../Engine/Content/EngineSky/VolumetricClouds/T_VolumeNoiseErosion32.uasset" 282
"../../../Engine/Content/Functions/Engine_MaterialFunctions02/Utility/MakeFloat2.uasset" 283
"../../../Engine/Content/EngineSky/VolumetricClouds/CloudWeatherTexture.uasset" 284
"../../../Engine/Content/EngineSky/VolumetricClouds/CloudGradientTexture.uasset" 285
"../../../Engine/Content/EngineSky/VolumetricClouds/m_SimpleVolumetricCloud.uasset" 286
"../../../Engine/Content/EngineSky/VolumetricClouds/m_SimpleVolumetricCloud_Inst.uasset" 287
"../../../Engine/Content/EngineSounds/Master.uasset" 288
"../../../Engine/Content/Functions/Engine_MaterialFunctions01/Shading/PowerToRoughness.uasset" 289
"../../../Engine/Content/Maps/Templates/Thumbnails/Default.uasset" 290
"../../../Engine/Content/Maps/Templates/Thumbnails/TimeOfDay.uasset" 291
"../../../Engine/Content/Maps/Templates/Thumbnails/VR-Basic.uasset" 292
"../../../Engine/Content/MobileResources/T_MobileControls_texture.uasset" 293
"../../../Engine/Content/MobileResources/T_MobileMenu2.uasset" 294
"../../../Engine/Content/MobileResources/HUD/AnalogHat.uasset" 295
"../../../Engine/Content/MobileResources/HUD/VirtualJoystick_Thumb.uasset" 296
"../../../Engine/Content/MobileResources/HUD/VirtualJoystick_Background.uasset" 297
"../../../Engine/Content/MobileResources/HUD/DefaultVirtualJoysticks.uasset" 298
"../../../Engine/Content/MobileResources/HUD/LeftVirtualJoystickOnly.uasset" 299
"../../../Engine/Content/MobileResources/HUD/MobileHUDButton1_off.uasset" 300
"../../../Engine/Content/MobileResources/HUD/MobileHUDButton1_on.uasset" 301
"../../../Engine/Content/MobileResources/HUD/MobileHUDButton2_off.uasset" 302
"../../../Engine/Content/MobileResources/HUD/MobileHUDButton2_on.uasset" 303
"../../../Engine/Content/MobileResources/HUD/MobileHUDButton3.uasset" 304
"../../../Engine/Content/MobileResources/HUD/MobileHUDButtonFire.uasset" 305
"../../../Engine/Content/MobileResources/HUD/MobileHUDDirectionPad.uasset" 306
"../../../Engine/Content/MobileResources/HUD/MobileHUDDirectionPad2.uasset" 307
"../../../Engine/Content/MobileResources/HUD/MobileHUDDirectionPad3.uasset" 308
"../../../Engine/Content/MobileResources/HUD/MobileHUDDirectionStick.uasset" 309
"../../../Engine/Content/MobileResources/HUD/T_Castle_ThumbstickInner.uasset" 310
"../../../Engine/Content/MobileResources/HUD/T_Castle_ThumbstickOutter.uasset" 311
"../../../Engine/Content/Tutorial/ContentIntroCurve.uasset" 312
"../../../Engine/Content/Tutorial/Basics/LevelEditorAttract.uasset" 313
"../../../Engine/Content/Tutorial/Basics/TutorialAssets/icon_tab_Levels_40x.uasset" 314
"../../../Engine/Content/Tutorial/Basics/LevelEditorOverview.uasset" 315
"../../../Engine/Content/Tutorial/BlueprintTutorials/TutorialAssets/Blueprint_64x.uasset" 316
"../../../Engine/Content/Tutorial/BlueprintTutorials/BlueprintEditorTutorial.uasset" 317
"../../../Engine/Content/Tutorial/BlueprintTutorials/LevelBlueprintEditorOverview.uasset" 318
"../../../Engine/Content/Tutorial/Installation/InstallingVisualStudioTutorial.uasset" 319
"../../../Engine/Content/Tutorial/Landscape/TutorialAssets/Landscape.uasset" 320
"../../../Engine/Content/Tutorial/Landscape/LandscapeWalkThrough.uasset" 321
"../../../Engine/Content/Tutorial/Landscape/Landscape_Manage_Mode.uasset" 322
"../../../Engine/Content/Tutorial/Landscape/Landscape_Painting_Mode.uasset" 323
"../../../Engine/Content/Tutorial/Landscape/Landscape_Sculpt_Mode.uasset" 324
"../../../Engine/Content/Tutorial/SubEditors/MaterialEditorTutorial.uasset" 325
"../../../Engine/Content/Tutorial/SubEditors/TutorialAssets/TutorialMaterial.uasset" 326
"../../../Engine/Content/VREditor/TransformGizmo/TranslucentTransformGizmoMaterial.uasset" 327
"../../../Engine/Content/VREditor/LaserPointer/VR_LaserPower_01.uasset" 328
"../../../Engine/Content/VREditor/TransformGizmo/TransformGizmoMaterial.uasset" 329
"../../../Engine/Content/VREditor/TransformGizmo/BoundingBoxCorner.uasset" 330
"../../../Engine/Content/VREditor/TransformGizmo/BoundingBoxEdge.uasset" 331
"../../../Engine/Content/VREditor/TransformGizmo/PlaneTranslationHandle.uasset" 332
"../../../Engine/Content/VREditor/TransformGizmo/Xray.uasset" 333
"../../../Engine/Content/VREditor/TransformGizmo/Main.uasset" 334
"../../../Engine/Content/VREditor/TransformGizmo/SM_Sequencer_Key.uasset" 335
"../../../Engine/Content/VREditor/TransformGizmo/SM_Sequencer_Node.uasset" 336
"../../Plugins/2D/Paper2D/Content/PlaceholderTextures/DummySpriteTexture.uasset" 337
"../../Plugins/2D/Paper2D/Content/DummySprite.uasset" 338
"../../Plugins/2D/Paper2D/Content/DefaultPaperTerrainMaterial.uasset" 339
"../../Plugins/2D/Paper2D/Content/DefaultSpriteMaterial.uasset" 340
"../../Plugins/2D/Paper2D/Content/MaskedUnlitSpriteMaterial.uasset" 341
"../../Plugins/2D/Paper2D/Content/OpaqueUnlitSpriteMaterial.uasset" 342
"../../../Engine/Content/Functions/Engine_MaterialFunctions02/Utility/BreakOutFloat3Components.uasset" 343
"../../Plugins/Editor/SpeedTreeImporter/Content/SpeedTree9/UnpackInteger3.uasset" 344
"../../Plugins/Editor/SpeedTreeImporter/Content/SpeedTree9/UnpackDirection.uasset" 345
"../../Plugins/Editor/SpeedTreeImporter/Content/SpeedTree9/game_wind_noise.uasset" 346
"../../../Engine/Content/Functions/Engine_MaterialFunctions02/SafeNormalize.uasset" 347
"../../Plugins/Editor/SpeedTreeImporter/Content/SpeedTree9/SpeedTreeWindMotion.uasset" 348
"../../Plugins/Editor/SpeedTreeImporter/Content/SpeedTree9/SpeedTreeBranchMotion.uasset" 349
"../../../Engine/Content/Functions/Engine_MaterialFunctions02/ObjectLocalBounds.uasset" 350
"../../../Engine/Content/Functions/Engine_MaterialFunctions02/UVs/BoundingBoxBased_0-1_UVW.uasset" 351
"../../Plugins/Editor/SpeedTreeImporter/Content/SpeedTree9/SpeedTreeWind.uasset" 352
"../../Plugins/Editor/SpeedTreeImporter/Content/SpeedTree9/SpeedTreeBillboard.uasset" 353
"../../../Engine/Content/EngineResources/DefaultTexture.uasset" 354
"../../Plugins/Editor/SpeedTreeImporter/Content/SpeedTree9/SpeedTreeBillboardMaster.uasset" 355
"../../Plugins/Editor/SpeedTreeImporter/Content/SpeedTree9/SpeedTreeCameraFacing.uasset" 356
"../../Plugins/Editor/SpeedTreeImporter/Content/SpeedTree9/SpeedTreeMaster.uasset" 357
"../../../Engine/Content/BasicShapes/Cylinder.uasset" 358
"../../../Engine/Content/ArtTools/RenderToTexture/Materials/Debug/M_Emissive_Color.uasset" 359
"../../Plugins/Lumin/MagicLeapPassableWorld/Content/MagicLeapARPinInfoActor.uasset" 360
"../../../Engine/Content/Functions/Engine_MaterialFunctions02/Utility/MakeFloat3.uasset" 361
"../../../Engine/Content/Functions/Engine_MaterialFunctions02/Utility/BreakOutFloat4Components.uasset" 362
"../../Plugins/Runtime/Oculus/OculusVR/Content/Materials/OculusMR_ChromaKey.uasset" 363
"../../Plugins/Runtime/Oculus/OculusVR/Content/Materials/OculusMR_OpaqueColoredMaterial.uasset" 364
"../../Plugins/Runtime/Oculus/OculusVR/Content/Materials/PokeAHoleMaterial.uasset" 365
"../../../Engine/Content/EngineSky/T_Sky_Blue.uasset" 366
"../../../Engine/Content/EngineSky/T_Sky_Clouds_M.uasset" 367
"../../../Engine/Content/EngineSky/T_Sky_Stars.uasset" 368
"../../../Engine/Content/EngineSky/M_Sky_Panning_Clouds2.uasset" 369
"../../../Engine/Content/EngineSky/SM_SkySphere.uasset" 370
"../../../Engine/Content/EngineSky/C_Sky_Zenith_Color.uasset" 371
"../../../Engine/Content/EngineSky/C_Sky_Horizon_Color.uasset" 372
"../../../Engine/Content/EngineSky/C_Sky_Cloud_Color.uasset" 373
"../../../Engine/Content/EngineSky/BP_Sky_Sphere.uasset" 374
"J:/!HorrorFP/TestHorror/Content/FirstPersonBP/Maps/FirstPersonExampleMap_BuiltData.uasset" 375
"J:/!HorrorFP/TestHorror/Content/FirstPersonBP/Exhibits/Lighting2/Lamp_metal.uasset" 376
"J:/!HorrorFP/TestHorror/Content/FirstPersonBP/Exhibits/Lighting1/polySurface1Mat.uasset" 377
"J:/!HorrorFP/TestHorror/Content/FirstPersonBP/Exhibits/Lighting1/1_polySurface1.uasset" 378
"J:/!HorrorFP/TestHorror/Content/FirstPersonBP/Exhibits/Lighting1/polySurface3Mat.uasset" 379
"J:/!HorrorFP/TestHorror/Content/FirstPersonBP/Exhibits/Lighting1/1_polySurface3.uasset" 380
"J:/!HorrorFP/TestHorror/Content/FirstPersonBP/Exhibits/Lighting1/polySurface4Mat.uasset" 381
"J:/!HorrorFP/TestHorror/Content/FirstPersonBP/Exhibits/Lighting1/1_polySurface4.uasset" 382
"J:/!HorrorFP/TestHorror/Content/FirstPersonBP/Exhibits/Lighting1/polySurface5Mat.uasset" 383
"J:/!HorrorFP/TestHorror/Content/FirstPersonBP/Exhibits/Lighting1/1_polySurface5.uasset" 384
"J:/!HorrorFP/TestHorror/Content/FirstPersonBP/Exhibits/Lighting1/polySurface6Mat.uasset" 385
"J:/!HorrorFP/TestHorror/Content/FirstPersonBP/Exhibits/Lighting1/1_polySurface6.uasset" 386
"J:/!HorrorFP/TestHorror/Content/FirstPersonBP/Exhibits/Lighting1/pSphere2Mat.uasset" 387
"J:/!HorrorFP/TestHorror/Content/FirstPersonBP/Exhibits/Lighting1/1_pSphere2.uasset" 388
"J:/!HorrorFP/TestHorror/Content/FirstPersonBP/Exhibits/Lighting2/Glass-Simple-Yellow.uasset" 389
"J:/!HorrorFP/TestHorror/Content/FirstPersonBP/Exhibits/Lighting2/Luminance.uasset" 390
"J:/!HorrorFP/TestHorror/Content/FirstPersonBP/Exhibits/Lighting2/Wall_Lamp_4.uasset" 391
"J:/!HorrorFP/TestHorror/Content/FirstPerson/FPWeapon/Mesh/SK_FPGun_Skeleton.uasset" 392
"J:/!HorrorFP/TestHorror/Content/FirstPerson/FPWeapon/Textures/T_FPGun_N.uasset" 393
"J:/!HorrorFP/TestHorror/Content/FirstPerson/FPWeapon/Textures/T_FPGun_M.uasset" 394
"J:/!HorrorFP/TestHorror/Content/FirstPerson/FPWeapon/Materials/MaterialLayers/T_ML_Aluminum01_N.uasset" 395
"J:/!HorrorFP/TestHorror/Content/FirstPerson/FPWeapon/Materials/MaterialLayers/T_ML_Aluminum01.uasset" 396
"J:/!HorrorFP/TestHorror/Content/FirstPerson/FPWeapon/Materials/MaterialLayers/ML_SoftMetal_UE4.uasset" 397
"J:/!HorrorFP/TestHorror/Content/FirstPerson/FPWeapon/Materials/MaterialLayers/ML_Screen.uasset" 398
"J:/!HorrorFP/TestHorror/Content/FirstPerson/FPWeapon/Materials/MaterialLayers/ML_Plastic_Shiny_Beige.uasset" 399
"J:/!HorrorFP/TestHorror/Content/FirstPerson/FPWeapon/Materials/MaterialLayers/T_ML_Rubber_Blue_01_N.uasset" 400
"J:/!HorrorFP/TestHorror/Content/FirstPerson/FPWeapon/Materials/MaterialLayers/T_ML_Rubber_Blue_01_D.uasset" 401
"J:/!HorrorFP/TestHorror/Content/FirstPerson/FPWeapon/Materials/MaterialLayers/ML_GlossyBlack_Latex_UE4.uasset" 402
"../../../Engine/Content/Functions/MaterialLayerFunctions/MatLayerBlend_Simple.uasset" 403
"../../../Engine/Content/Functions/MaterialLayerFunctions/MatLayerBlend_NormalBlend.uasset" 404
"J:/!HorrorFP/TestHorror/Content/FirstPerson/FPWeapon/Materials/M_FPGun.uasset" 405
"J:/!HorrorFP/TestHorror/Content/FirstPerson/FPWeapon/Mesh/SK_FPGun.uasset" 406
"J:/!HorrorFP/TestHorror/Content/FirstPersonBP/GeneralAssets/WGT_Fade.uasset" 407
"J:/!HorrorFP/TestHorror/Content/FirstPerson/Character/Mesh/SK_Mannequin_Arms_PhysicsAsset.uasset" 408
"J:/!HorrorFP/TestHorror/Content/FirstPerson/Character/Textures/UE4_Mannequin_MAT_MASKA.uasset" 409
"J:/!HorrorFP/TestHorror/Content/FirstPerson/Character/Textures/UE4_Mannequin__normals.uasset" 410
"J:/!HorrorFP/TestHorror/Content/FirstPerson/Character/Materials/MaterialLayers/T_ML_Aluminum01_N.uasset" 411
"J:/!HorrorFP/TestHorror/Content/FirstPerson/Character/Materials/MaterialLayers/T_ML_Aluminum01.uasset" 412
"J:/!HorrorFP/TestHorror/Content/FirstPerson/Character/Materials/MaterialLayers/ML_SoftMetal_UE4.uasset" 413
"J:/!HorrorFP/TestHorror/Content/FirstPerson/Character/Materials/MaterialLayers/ML_Plastic_Shiny_Beige_LOGO.uasset" 414
"J:/!HorrorFP/TestHorror/Content/FirstPerson/Character/Materials/MaterialLayers/ML_Plastic_Shiny_Beige.uasset" 415
"J:/!HorrorFP/TestHorror/Content/FirstPerson/Character/Materials/MaterialLayers/T_ML_Rubber_Blue_01_N.uasset" 416
"J:/!HorrorFP/TestHorror/Content/FirstPerson/Character/Materials/MaterialLayers/T_ML_Rubber_Blue_01_D.uasset" 417
"J:/!HorrorFP/TestHorror/Content/FirstPerson/Character/Materials/MaterialLayers/ML_GlossyBlack_Latex_UE4.uasset" 418
"J:/!HorrorFP/TestHorror/Content/FirstPerson/Character/Materials/M_UE4Man_Body.uasset" 419
"J:/!HorrorFP/TestHorror/Content/FirstPerson/Character/Mesh/SK_Mannequin_Arms.uasset" 420
"J:/!HorrorFP/TestHorror/Content/FirstPerson/Audio/FirstPersonTemplateWeaponFire02.uasset" 421
"J:/!HorrorFP/TestHorror/Content/FirstPerson/Animations/FirstPerson_Fire.uasset" 422
"J:/!HorrorFP/TestHorror/Content/FirstPerson/Animations/FirstPersonFire_Montage.uasset" 423
"J:/!HorrorFP/TestHorror/Content/FirstPerson/Meshes/FirstPersonProjectileMaterial.uasset" 424
"J:/!HorrorFP/TestHorror/Content/FirstPerson/Meshes/FirstPersonProjectileMesh.uasset" 425
"J:/!HorrorFP/TestHorror/Content/FirstPersonBP/Blueprints/FirstPersonProjectile.uasset" 426
"J:/!HorrorFP/TestHorror/Content/FirstPersonBP/Blueprints/FirstPersonCharacter.uasset" 427
"J:/!HorrorFP/TestHorror/Content/FirstPerson/Textures/FirstPersonCrosshair.uasset" 428
"J:/!HorrorFP/TestHorror/Content/FirstPersonBP/Blueprints/FirstPersonHUD.uasset" 429
"J:/!HorrorFP/TestHorror/Content/FirstPersonBP/Blueprints/FirstPersonGameMode.uasset" 430
"../../../Engine/Content/BasicShapes/Cube.uasset" 431
"../../../Engine/Content/BasicShapes/BasicShapeMaterial.uasset" 432
"J:/!HorrorFP/TestHorror/Content/FirstPersonBP/Wall.uasset" 433
"J:/!HorrorFP/TestHorror/Content/FirstPersonBP/Exhibits/Statues/Group11285Mat.uasset" 434
"J:/!HorrorFP/TestHorror/Content/FirstPersonBP/Exhibits/Statues/Richier01.uasset" 435
"J:/!HorrorFP/TestHorror/Content/FirstPersonBP/Maps/Material.uasset" 436
"J:/!HorrorFP/TestHorror/Content/FirstPersonBP/Maps/Floors/LevelTest.uasset" 437
"J:/!HorrorFP/TestHorror/Content/FirstPersonBP/Maps/LevelTest.uasset" 438
"J:/!HorrorFP/TestHorror/Content/FirstPersonBP/Maps/FirstPersonExampleMap.umap" 439
"J:/!HorrorFP/TestHorror/Content/FirstPersonBP/Maps/Floor2_BuiltData.uasset" 440
"J:/!HorrorFP/TestHorror/Content/StarterContent/Audio/UsingForGame/LiftDoorOpen.uasset" 441
"J:/!HorrorFP/TestHorror/Content/StarterContent/Audio/UsingForGame/LiftDoorClose.uasset" 442
"J:/!HorrorFP/TestHorror/Content/FirstPersonBP/Materials/Metal/Metal038_1K_Roughness.uasset" 443
"J:/!HorrorFP/TestHorror/Content/FirstPersonBP/Materials/Metal/Metal038_1K_NormalGL.uasset" 444
"J:/!HorrorFP/TestHorror/Content/FirstPersonBP/Materials/Metal/Metal038_1K_Metalness.uasset" 445
"J:/!HorrorFP/TestHorror/Content/FirstPersonBP/Materials/Metal/Metal038_1K_Color.uasset" 446
"J:/!HorrorFP/TestHorror/Content/FirstPersonBP/GeneralAssets/LiftDoor/Mat_LiftDoors.uasset" 447
"J:/!HorrorFP/TestHorror/Content/FirstPersonBP/GeneralAssets/LiftDoor/B_LiftDoors.uasset" 448
"J:/!HorrorFP/TestHorror/Content/StarterContent/Textures/T_Spark_Core.uasset" 449
"J:/!HorrorFP/TestHorror/Content/StarterContent/Particles/Materials/M_Spark.uasset" 450
"J:/!HorrorFP/TestHorror/Content/StarterContent/Particles/Materials/M_Radial_Gradient.uasset" 451
"J:/!HorrorFP/TestHorror/Content/StarterContent/Particles/P_Sparks.uasset" 452
"J:/!HorrorFP/TestHorror/Content/StarterContent/Audio/UsingForGame/ElectricCrackle.uasset" 453
"J:/!HorrorFP/TestHorror/Content/StarterContent/Audio/UsingForGame/ButtonPress.uasset" 454
"J:/!HorrorFP/TestHorror/Content/FirstPersonBP/GeneralAssets/LiftDoor/Material_003.uasset" 455
"J:/!HorrorFP/TestHorror/Content/FirstPersonBP/GeneralAssets/LiftDoor/Material_002.uasset" 456
"J:/!HorrorFP/TestHorror/Content/FirstPersonBP/GeneralAssets/LiftDoor/Material_001.uasset" 457
"J:/!HorrorFP/TestHorror/Content/FirstPersonBP/GeneralAssets/LiftDoor/LiftButtons.uasset" 458
"J:/!HorrorFP/TestHorror/Content/FirstPersonBP/Widgets/VCR_OSD_MONO_1_001.uasset" 459
"J:/!HorrorFP/TestHorror/Content/FirstPersonBP/Widgets/VCR_OSD_MONO_1_001_Font.uasset" 460
"J:/!HorrorFP/TestHorror/Content/FirstPersonBP/Widgets/WGT_Interact.uasset" 461
"J:/!HorrorFP/TestHorror/Content/FirstPersonBP/GeneralAssets/LiftDoor/BP_LiftButtonsFloor2.uasset" 462
"J:/!HorrorFP/TestHorror/Content/FirstPersonBP/GeneralAssets/TV/FallingTV/ComeCloserFilter.uasset" 463
"J:/!HorrorFP/TestHorror/Content/FirstPersonBP/GeneralAssets/TV/FallingTV/Screen.uasset" 464
"J:/!HorrorFP/TestHorror/Content/FirstPersonBP/GeneralAssets/TV/FallingTV/Tv_1__Cor_.uasset" 465
"J:/!HorrorFP/TestHorror/Content/FirstPersonBP/GeneralAssets/TV/FallingTV/TVBody.uasset" 466
"J:/!HorrorFP/TestHorror/Content/FirstPersonBP/GeneralAssets/TV/FallingTV/FallingTV2.uasset" 467
"J:/!HorrorFP/TestHorror/Content/FirstPersonBP/GeneralAssets/TV/FallingTV/BP_FallingTV.uasset" 468
"J:/!HorrorFP/TestHorror/Content/FirstPersonBP/Maps/Floors/Rock_047_BaseColor.uasset" 469
"J:/!HorrorFP/TestHorror/Content/FirstPersonBP/Maps/Floors/Material__25.uasset" 470
"J:/!HorrorFP/TestHorror/Content/FirstPersonBP/Maps/Floors/Floor2FTunnelGapBridger2.uasset" 471
"J:/!HorrorFP/TestHorror/Content/StarterContent/Audio/UsingForGame/FloorBreaks.uasset" 472
"J:/!HorrorFP/TestHorror/Content/StarterContent/Audio/UsingForGame/Cue_FloorBreaks.uasset" 473
"J:/!HorrorFP/TestHorror/Content/StarterContent/Audio/UsingForGame/FloorCracking.uasset" 474
"J:/!HorrorFP/TestHorror/Content/StarterContent/Audio/UsingForGame/Cue_Cracking.uasset" 475
"J:/!HorrorFP/TestHorror/Content/FirstPersonBP/Maps/Floors/Material_002.uasset" 476
"J:/!HorrorFP/TestHorror/Content/FirstPersonBP/Maps/Floors/Floor2FallOutFloor.uasset" 477
"J:/!HorrorFP/TestHorror/Content/FirstPersonBP/Maps/Floors/Floor2Hole/Floor2Fragment3.uasset" 478
"J:/!HorrorFP/TestHorror/Content/FirstPersonBP/GeneralAssets/FloorFragments/BP_FloorFragmentC.uasset" 479
"J:/!HorrorFP/TestHorror/Content/FirstPersonBP/Maps/Floors/Floor2Hole/Floor2Fragment2.uasset" 480
"J:/!HorrorFP/TestHorror/Content/FirstPersonBP/GeneralAssets/FloorFragments/BP_FloorFragmentB.uasset" 481
"J:/!HorrorFP/TestHorror/Content/FirstPersonBP/Maps/Floors/Floor2Hole/Floor2Fragment1.uasset" 482
"J:/!HorrorFP/TestHorror/Content/FirstPersonBP/GeneralAssets/FloorFragments/BP_FloorFragmentA.uasset" 483
"J:/!HorrorFP/TestHorror/Content/FirstPersonBP/Maps/Floors/BP_FallingFloor.uasset" 484
"J:/!HorrorFP/TestHorror/Content/FirstPersonBP/Materials/Mat_Black.uasset" 485
"J:/!HorrorFP/TestHorror/Content/FirstPersonBP/Materials/Rock/Rock_047_Roughness.uasset" 486
"J:/!HorrorFP/TestHorror/Content/FirstPersonBP/Materials/Rock/Rock_047_Normal.uasset" 487
"J:/!HorrorFP/TestHorror/Content/FirstPersonBP/Materials/Rock/Rock_047_BaseColor.uasset" 488
"J:/!HorrorFP/TestHorror/Content/FirstPersonBP/Materials/Rock/Rock_047_AmbientOcclusion.uasset" 489
"J:/!HorrorFP/TestHorror/Content/FirstPersonBP/Materials/Rock/Mat_Rock.uasset" 490
"J:/!HorrorFP/TestHorror/Content/StarterContent/Textures/T_Rock_Basalt_N.uasset" 491
"J:/!HorrorFP/TestHorror/Content/StarterContent/Textures/T_Perlin_Noise_M.uasset" 492
"J:/!HorrorFP/TestHorror/Content/StarterContent/Textures/T_MacroVariation.uasset" 493
"J:/!HorrorFP/TestHorror/Content/StarterContent/Materials/M_Rock_Basalt.uasset" 494
"../../../Engine/Content/BasicShapes/Plane.uasset" 495
"J:/!HorrorFP/TestHorror/Content/FirstPersonBP/GeneralAssets/Final1.uasset" 496
"J:/!HorrorFP/TestHorror/Content/FirstPersonBP/GeneralAssets/RockA.uasset" 497
"J:/!HorrorFP/TestHorror/Content/FirstPersonBP/GeneralAssets/Rock_07_Base.uasset" 498
"J:/!HorrorFP/TestHorror/Content/FirstPersonBP/GeneralAssets/RockB.uasset" 499
"J:/!HorrorFP/TestHorror/Content/FirstPersonBP/Maps/Floors/Floor2Hole/Floor2FloorCrack.uasset" 500
"J:/!HorrorFP/TestHorror/Content/FirstPersonBP/Maps/Floors/Floor2Rev6.uasset" 501
"J:/!HorrorFP/TestHorror/Content/FirstPersonBP/Maps/Floors/TunneRev2.uasset" 502
"J:/!HorrorFP/TestHorror/Content/StarterContent/Audio/UsingForGame/Ambience/SM_Banging.uasset" 503
"J:/!HorrorFP/TestHorror/Content/StarterContent/Audio/UsingForGame/Ambience/SM_BGM.uasset" 504
"J:/!HorrorFP/TestHorror/Content/StarterContent/Audio/UsingForGame/FallingWind.uasset" 505
"J:/!HorrorFP/TestHorror/Content/StarterContent/Audio/UsingForGame/Cue_Falling.uasset" 506
"J:/!HorrorFP/TestHorror/Content/StarterContent/Audio/UsingForGame/LiftStopping.uasset" 507
"J:/!HorrorFP/TestHorror/Content/FirstPersonBP/Maps/Floor2.umap" 508
"J:/!HorrorFP/TestHorror/Content/StarterContent/Audio/UsingForGame/LiftGoingDown.uasset" 509
"J:/!HorrorFP/TestHorror/Content/FirstPersonBP/CameraShakes/BP_LiftCamShake.uasset" 510
"J:/!HorrorFP/TestHorror/Content/FirstPersonBP/GeneralAssets/LiftDoor/BP_LiftButtons.uasset" 511
"J:/!HorrorFP/TestHorror/Content/FirstPersonBP/GeneralAssets/TV/Screen.uasset" 512
"J:/!HorrorFP/TestHorror/Content/FirstPersonBP/GeneralAssets/TV/Mat_TVGlass.uasset" 513
"J:/!HorrorFP/TestHorror/Content/Movies/MyPlayer.uasset" 514
"J:/!HorrorFP/TestHorror/Content/Movies/MyPlayer_Video.uasset" 515
"J:/!HorrorFP/TestHorror/Content/Movies/MyPlayer_Video_Mat.uasset" 516
"J:/!HorrorFP/TestHorror/Content/FirstPersonBP/GeneralAssets/TV/TV_1.uasset" 517
"J:/!HorrorFP/TestHorror/Content/FirstPersonBP/GeneralAssets/TV/TVNoScreen.uasset" 518
"J:/!HorrorFP/TestHorror/Content/FirstPersonBP/GeneralAssets/TV/TVScreen.uasset" 519
"J:/!HorrorFP/TestHorror/Content/FirstPersonBP/Maps/Floors/Floor1Rev2.uasset" 520
"J:/!HorrorFP/TestHorror/Content/FirstPersonBP/Maps/Floor1.umap" 521
"J:/!HorrorFP/TestHorror/Content/StarterContent/Audio/UsingForGame/Falling/TVFalls.uasset" 522
"J:/!HorrorFP/TestHorror/Content/StarterContent/Audio/UsingForGame/Falling/FallingBody.uasset" 523
"J:/!HorrorFP/TestHorror/Content/StarterContent/Audio/UsingForGame/Falling/DebrisFalling.uasset" 524
"J:/!HorrorFP/TestHorror/Content/StarterContent/Audio/UsingForGame/Falling/Cue_DebrisFalls.uasset" 525
"J:/!HorrorFP/TestHorror/Content/StarterContent/Audio/UsingForGame/Ambience/AmbienceLow.uasset" 526
"J:/!HorrorFP/TestHorror/Content/StarterContent/Audio/UsingForGame/Ambience/Cue_AmbienceLow.uasset" 527
"J:/!HorrorFP/TestHorror/Content/StarterContent/Audio/UsingForGame/Ambience/AmbienceFinal.uasset" 528
"J:/!HorrorFP/TestHorror/Content/StarterContent/Audio/UsingForGame/Ambience/Cue_AmbienceFinal.uasset" 529
"J:/!HorrorFP/TestHorror/Content/FirstPersonBP/Maps/Floors/TunnelGradient2.uasset" 530
"J:/!HorrorFP/TestHorror/Content/FirstPersonBP/Materials/TunnelGradient/GradCutout.uasset" 531
"J:/!HorrorFP/TestHorror/Content/FirstPersonBP/Materials/TunnelGradient/GradColou.uasset" 532
"J:/!HorrorFP/TestHorror/Content/FirstPersonBP/Materials/TunnelGradient/Mat_TunnelGrad.uasset" 533
"J:/!HorrorFP/TestHorror/Content/FirstPersonBP/Maps/Floors/Floor3Rev3.uasset" 534
"J:/!HorrorFP/TestHorror/Content/FirstPersonBP/Maps/Floor3.umap" 535
"../../../Engine/Content/MapTemplates/Sky/DaylightAmbientCubemap.uasset" 536
"J:/!HorrorFP/TestHorror/Content/StarterContent/Blueprints/Assets/M_LightStage_Skybox_Master.uasset" 537
"J:/!HorrorFP/TestHorror/Content/StarterContent/Blueprints/Assets/M_LightStage_Skybox_HDRI.uasset" 538
"J:/!HorrorFP/TestHorror/Content/StarterContent/Blueprints/Assets/M_LightStage_Arrows.uasset" 539
"J:/!HorrorFP/TestHorror/Content/StarterContent/Blueprints/Assets/SM_Arrows.uasset" 540
"../../../Engine/Content/EditorMaterials/Thumbnails/SkySphereMaterial.uasset" 541
"J:/!HorrorFP/TestHorror/Content/StarterContent/Blueprints/Assets/Skybox.uasset" 542
"J:/!HorrorFP/TestHorror/Content/StarterContent/Blueprints/Assets/M_LightStage_Skybox_Black.uasset" 543
"J:/!HorrorFP/TestHorror/Content/StarterContent/Blueprints/Assets/SunlightColorLUT.uasset" 544
"J:/!HorrorFP/TestHorror/Content/StarterContent/Blueprints/Assets/FogBrightnessLUT.uasset" 545
"J:/!HorrorFP/TestHorror/Content/StarterContent/HDRI/HDRI_Epic_Courtyard_Daylight.uasset" 546
"J:/!HorrorFP/TestHorror/Content/StarterContent/Blueprints/BP_LightStudio.uasset" 547
"../../../Engine/Content/EditorMeshes/ColorCalibrator/M_GreyBall.uasset" 548
"../../../Engine/Content/EditorMeshes/ColorCalibrator/Color_checker.uasset" 549
"../../../Engine/Content/EditorMeshes/ColorCalibrator/M_ColorGrid.uasset" 550
"../../../Engine/Content/EditorMeshes/ColorCalibrator/M_ClearCoatBlack.uasset" 551
"../../../Engine/Content/EditorMeshes/ColorCalibrator/M_ClearCoat.uasset" 552
"../../../Engine/Content/EditorMeshes/ColorCalibrator/M_ChromeBall.uasset" 553
"../../../Engine/Content/EditorMeshes/ColorCalibrator/SM_ColorCalibrator.uasset" 554
"J:/!HorrorFP/TestHorror/Content/StarterContent/Maps/Advanced_Lighting_BuiltData.uasset" 555
"J:/!HorrorFP/TestHorror/Content/StarterContent/Materials/M_AssetPlatform.uasset" 556
"J:/!HorrorFP/TestHorror/Content/StarterContent/Architecture/SM_AssetPlatform.uasset" 557
"J:/!HorrorFP/TestHorror/Content/StarterContent/Maps/Advanced_Lighting.umap" 558
"J:/!HorrorFP/TestHorror/Content/StarterContent/Audio/Starter_Background_Cue.uasset" 559
"J:/!HorrorFP/TestHorror/Content/StarterContent/Textures/T_TableRound_N.uasset" 560
"J:/!HorrorFP/TestHorror/Content/StarterContent/Textures/T_TableRound_M.uasset" 561
"J:/!HorrorFP/TestHorror/Content/StarterContent/Props/Materials/M_TableRound.uasset" 562
"J:/!HorrorFP/TestHorror/Content/StarterContent/Props/SM_TableRound.uasset" 563
"J:/!HorrorFP/TestHorror/Content/StarterContent/Textures/T_Statue_N.uasset" 564
"J:/!HorrorFP/TestHorror/Content/StarterContent/Textures/T_Statue_M.uasset" 565
"J:/!HorrorFP/TestHorror/Content/StarterContent/Props/Materials/M_Statue.uasset" 566
"J:/!HorrorFP/TestHorror/Content/StarterContent/Props/Materials/M_StatueGlass.uasset" 567
"J:/!HorrorFP/TestHorror/Content/StarterContent/Props/SM_Statue.uasset" 568
"J:/!HorrorFP/TestHorror/Content/StarterContent/Props/SM_Chair.uasset" 569
"J:/!HorrorFP/TestHorror/Content/StarterContent/Textures/T_Metal_Copper_D.uasset" 570
"J:/!HorrorFP/TestHorror/Content/StarterContent/Textures/T_Metal_Gold_N.uasset" 571
"J:/!HorrorFP/TestHorror/Content/StarterContent/Materials/M_Metal_Copper.uasset" 572
"J:/!HorrorFP/TestHorror/Content/StarterContent/Textures/T_Metal_Aluminum_D.uasset" 573
"J:/!HorrorFP/TestHorror/Content/StarterContent/Materials/M_Metal_Burnished_Steel.uasset" 574
"J:/!HorrorFP/TestHorror/Content/StarterContent/Materials/M_Metal_Brushed_Nickel.uasset" 575
"J:/!HorrorFP/TestHorror/Content/StarterContent/Maps/Minimal_Default_BuiltData.uasset" 576
"J:/!HorrorFP/TestHorror/Content/StarterContent/Architecture/Floor_400x400.uasset" 577
"J:/!HorrorFP/TestHorror/Content/StarterContent/Maps/Minimal_Default.umap" 578
"J:/!HorrorFP/TestHorror/Content/StarterContent/Textures/T_Lamp_N.uasset" 579
"J:/!HorrorFP/TestHorror/Content/StarterContent/Textures/T_Lamp_M.uasset" 580
"J:/!HorrorFP/TestHorror/Content/StarterContent/Props/Materials/M_Lamp.uasset" 581
"J:/!HorrorFP/TestHorror/Content/StarterContent/Props/SM_Lamp_Wall.uasset" 582
"J:/!HorrorFP/TestHorror/Content/StarterContent/Blueprints/Blueprint_WallSconce.uasset" 583
"J:/!HorrorFP/TestHorror/Content/StarterContent/Particles/P_Steam_Lit.uasset" 584
"J:/!HorrorFP/TestHorror/Content/StarterContent/Audio/Steam01_Cue.uasset" 585
"J:/!HorrorFP/TestHorror/Content/StarterContent/Blueprints/Blueprint_Effect_Steam.uasset" 586
"J:/!HorrorFP/TestHorror/Content/StarterContent/Audio/Fire_Sparks01_Cue.uasset" 587
"J:/!HorrorFP/TestHorror/Content/StarterContent/Blueprints/Blueprint_Effect_Sparks.uasset" 588
"J:/!HorrorFP/TestHorror/Content/StarterContent/Particles/P_Smoke.uasset" 589
"J:/!HorrorFP/TestHorror/Content/StarterContent/Audio/Smoke01_Cue.uasset" 590
"J:/!HorrorFP/TestHorror/Content/StarterContent/Blueprints/Blueprint_Effect_Smoke.uasset" 591
"J:/!HorrorFP/TestHorror/Content/StarterContent/Textures/T_Water_N.uasset" 592
"J:/!HorrorFP/TestHorror/Content/StarterContent/Particles/Materials/M_Heat_Distortion.uasset" 593
"J:/!HorrorFP/TestHorror/Content/StarterContent/Textures/T_Fire_Tiled_D.uasset" 594
"J:/!HorrorFP/TestHorror/Content/StarterContent/Textures/T_Fire_SubUV.uasset" 595
"J:/!HorrorFP/TestHorror/Content/StarterContent/Particles/Materials/M_Fire_SubUV.uasset" 596
"J:/!HorrorFP/TestHorror/Content/StarterContent/Particles/P_Fire.uasset" 597
"J:/!HorrorFP/TestHorror/Content/StarterContent/Audio/Fire01_Cue.uasset" 598
"J:/!HorrorFP/TestHorror/Content/StarterContent/Blueprints/Blueprint_Effect_Fire.uasset" 599
"J:/!HorrorFP/TestHorror/Content/StarterContent/Props/SM_Lamp_Ceiling.uasset" 600
"J:/!HorrorFP/TestHorror/Content/StarterContent/Blueprints/Blueprint_CeilingLight.uasset" 601
"J:/!HorrorFP/TestHorror/Content/StarterContent/Audio/Starter_Music_Cue.uasset" 602
"J:/!HorrorFP/TestHorror/Content/StarterContent/Shapes/Shape_Sphere.uasset" 603
"J:/!HorrorFP/TestHorror/Content/StarterContent/Shapes/Shape_QuadPyramid.uasset" 604
"J:/!HorrorFP/TestHorror/Content/StarterContent/Shapes/Shape_Cube.uasset" 605
"J:/!HorrorFP/TestHorror/Content/StarterContent/Textures/T_Frame_N.uasset" 606
"J:/!HorrorFP/TestHorror/Content/StarterContent/Textures/T_Frame_M.uasset" 607
"J:/!HorrorFP/TestHorror/Content/StarterContent/Props/Materials/M_Frame.uasset" 608
"J:/!HorrorFP/TestHorror/Content/StarterContent/Props/SM_WindowFrame.uasset" 609
"J:/!HorrorFP/TestHorror/Content/StarterContent/Props/SM_PillarFrame300.uasset" 610
"J:/!HorrorFP/TestHorror/Content/StarterContent/Props/SM_PillarFrame.uasset" 611
"J:/!HorrorFP/TestHorror/Content/StarterContent/Props/SM_GlassWindow.uasset" 612
"J:/!HorrorFP/TestHorror/Content/StarterContent/Props/SM_DoorFrame.uasset" 613
"J:/!HorrorFP/TestHorror/Content/StarterContent/Props/SM_CornerFrame.uasset" 614
"J:/!HorrorFP/TestHorror/Content/StarterContent/Props/MaterialSphere.uasset" 615
"J:/!HorrorFP/TestHorror/Content/StarterContent/Textures/T_Dust_Particle_D.uasset" 616
"J:/!HorrorFP/TestHorror/Content/StarterContent/Particles/Materials/M_Dust_Particle.uasset" 617
"J:/!HorrorFP/TestHorror/Content/StarterContent/Particles/P_Ambient_Dust.uasset" 618
"J:/!HorrorFP/TestHorror/Content/StarterContent/Textures/T_Wood_Walnut_N.uasset" 619
"J:/!HorrorFP/TestHorror/Content/StarterContent/Textures/T_Wood_Walnut_D.uasset" 620
"J:/!HorrorFP/TestHorror/Content/StarterContent/Materials/M_Wood_Walnut.uasset" 621
"J:/!HorrorFP/TestHorror/Content/StarterContent/Textures/T_Wood_Pine_N.uasset" 622
"J:/!HorrorFP/TestHorror/Content/StarterContent/Textures/T_Wood_Pine_D.uasset" 623
"J:/!HorrorFP/TestHorror/Content/StarterContent/Materials/M_Wood_Pine.uasset" 624
"J:/!HorrorFP/TestHorror/Content/StarterContent/Textures/T_Wood_Oak_N.uasset" 625
"J:/!HorrorFP/TestHorror/Content/StarterContent/Textures/T_Wood_Oak_D.uasset" 626
"J:/!HorrorFP/TestHorror/Content/StarterContent/Materials/M_Wood_Oak.uasset" 627
"../../../Engine/Content/Functions/Engine_MaterialFunctions01/Opacity/AlphaOffset.uasset" 628
"J:/!HorrorFP/TestHorror/Content/StarterContent/Textures/T_Wood_Floor_Walnut_N.uasset" 629
"J:/!HorrorFP/TestHorror/Content/StarterContent/Textures/T_Wood_Floor_Walnut_M.uasset" 630
"J:/!HorrorFP/TestHorror/Content/StarterContent/Textures/T_Wood_Floor_Walnut_D.uasset" 631
"J:/!HorrorFP/TestHorror/Content/StarterContent/Materials/M_Wood_Floor_Walnut_Worn.uasset" 632
"J:/!HorrorFP/TestHorror/Content/StarterContent/Materials/M_Wood_Floor_Walnut_Polished.uasset" 633
"J:/!HorrorFP/TestHorror/Content/StarterContent/Textures/T_Water_M.uasset" 634
"J:/!HorrorFP/TestHorror/Content/StarterContent/Materials/M_Water_Ocean.uasset" 635
"J:/!HorrorFP/TestHorror/Content/StarterContent/Materials/M_Water_Lake.uasset" 636
"J:/!HorrorFP/TestHorror/Content/StarterContent/Textures/T_Tech_Panel_N.uasset" 637
"J:/!HorrorFP/TestHorror/Content/StarterContent/Textures/T_Tech_Panel_M.uasset" 638
"J:/!HorrorFP/TestHorror/Content/StarterContent/Textures/T_Metal_Steel_D.uasset" 639
"J:/!HorrorFP/TestHorror/Content/StarterContent/Materials/M_Tech_Panel.uasset" 640
"J:/!HorrorFP/TestHorror/Content/StarterContent/Textures/T_Tech_Hex_Tile_N.uasset" 641
"J:/!HorrorFP/TestHorror/Content/StarterContent/Textures/T_Tech_Hex_Tile_M.uasset" 642
"J:/!HorrorFP/TestHorror/Content/StarterContent/Materials/M_Tech_Hex_Tile_Pulse.uasset" 643
"J:/!HorrorFP/TestHorror/Content/StarterContent/Materials/M_Tech_Hex_Tile.uasset" 644
"J:/!HorrorFP/TestHorror/Content/StarterContent/Textures/T_Tech_Dot_N.uasset" 645
"J:/!HorrorFP/TestHorror/Content/StarterContent/Textures/T_Tech_Dot_M.uasset" 646
"J:/!HorrorFP/TestHorror/Content/StarterContent/Textures/T_Single_Tile_N.uasset" 647
"J:/!HorrorFP/TestHorror/Content/StarterContent/Textures/T_Checker_Noise_M.uasset" 648
"J:/!HorrorFP/TestHorror/Content/StarterContent/Materials/M_Tech_Checker_Dot.uasset" 649
"J:/!HorrorFP/TestHorror/Content/StarterContent/Textures/T_Rock_Slate_N.uasset" 650
"J:/!HorrorFP/TestHorror/Content/StarterContent/Textures/T_Rock_Slate_D.uasset" 651
"J:/!HorrorFP/TestHorror/Content/StarterContent/Materials/M_Rock_Slate.uasset" 652
"J:/!HorrorFP/TestHorror/Content/StarterContent/Textures/T_Rock_Sandstone_N.uasset" 653
"J:/!HorrorFP/TestHorror/Content/StarterContent/Textures/T_Rock_Sandstone_D.uasset" 654
"J:/!HorrorFP/TestHorror/Content/StarterContent/Materials/M_Rock_Sandstone.uasset" 655
"J:/!HorrorFP/TestHorror/Content/StarterContent/Textures/T_Rock_Marble_Polished_D.uasset" 656
"J:/!HorrorFP/TestHorror/Content/StarterContent/Materials/M_Rock_Marble_Polished.uasset" 657
"J:/!HorrorFP/TestHorror/Content/StarterContent/Textures/T_Metal_Steel_N.uasset" 658
"J:/!HorrorFP/TestHorror/Content/StarterContent/Materials/M_Metal_Steel.uasset" 659
"J:/!HorrorFP/TestHorror/Content/StarterContent/Textures/T_Metal_Rust_D.uasset" 660
"J:/!HorrorFP/TestHorror/Content/StarterContent/Textures/T_Metal_Rust_N.uasset" 661
"J:/!HorrorFP/TestHorror/Content/StarterContent/Materials/M_Metal_Rust.uasset" 662
"J:/!HorrorFP/TestHorror/Content/StarterContent/Textures/T_Metal_Gold_D.uasset" 663
"J:/!HorrorFP/TestHorror/Content/StarterContent/Materials/M_Metal_Gold.uasset" 664
"J:/!HorrorFP/TestHorror/Content/StarterContent/Materials/M_Metal_Chrome.uasset" 665
"J:/!HorrorFP/TestHorror/Content/StarterContent/Textures/T_Ground_Moss_N.uasset" 666
"J:/!HorrorFP/TestHorror/Content/StarterContent/Textures/T_ground_Moss_D.uasset" 667
"J:/!HorrorFP/TestHorror/Content/StarterContent/Materials/M_Ground_Moss.uasset" 668
"J:/!HorrorFP/TestHorror/Content/StarterContent/Textures/T_Ground_Gravel_N.uasset" 669
"J:/!HorrorFP/TestHorror/Content/StarterContent/Textures/T_Ground_Gravel_D.uasset" 670
"J:/!HorrorFP/TestHorror/Content/StarterContent/Materials/M_Ground_Gravel.uasset" 671
"J:/!HorrorFP/TestHorror/Content/StarterContent/Textures/T_Ground_Grass_N.uasset" 672
"J:/!HorrorFP/TestHorror/Content/StarterContent/Textures/T_Ground_Grass_D.uasset" 673
"J:/!HorrorFP/TestHorror/Content/StarterContent/Materials/M_Ground_Grass.uasset" 674
"J:/!HorrorFP/TestHorror/Content/StarterContent/Textures/T_Concrete_Tiles_Variation_M.uasset" 675
"J:/!HorrorFP/TestHorror/Content/StarterContent/Textures/T_Concrete_Tiles_N.uasset" 676
"J:/!HorrorFP/TestHorror/Content/StarterContent/Textures/T_Concrete_Tiles_M.uasset" 677
"J:/!HorrorFP/TestHorror/Content/StarterContent/Textures/T_Concrete_Tiles_D.uasset" 678
"J:/!HorrorFP/TestHorror/Content/StarterContent/Materials/M_Concrete_Tiles.uasset" 679
"J:/!HorrorFP/TestHorror/Content/StarterContent/Textures/T_Concrete_Panels_N.uasset" 680
"J:/!HorrorFP/TestHorror/Content/StarterContent/Textures/T_Concrete_Panels_D.uasset" 681
"J:/!HorrorFP/TestHorror/Content/StarterContent/Materials/M_Concrete_Panels.uasset" 682
"J:/!HorrorFP/TestHorror/Content/StarterContent/Textures/T_Concrete_Grime_D.uasset" 683
"J:/!HorrorFP/TestHorror/Content/StarterContent/Materials/M_Concrete_Grime.uasset" 684
"J:/!HorrorFP/TestHorror/Content/StarterContent/Textures/T_CobbleStone_Smooth_N.uasset" 685
"J:/!HorrorFP/TestHorror/Content/StarterContent/Textures/T_CobbleStone_Smooth_M.uasset" 686
"J:/!HorrorFP/TestHorror/Content/StarterContent/Textures/T_CobbleStone_Smooth_D.uasset" 687
"J:/!HorrorFP/TestHorror/Content/StarterContent/Textures/T_Rock_Smooth_Granite_D.uasset" 688
"J:/!HorrorFP/TestHorror/Content/StarterContent/Textures/T_Gradinet_01.uasset" 689
"J:/!HorrorFP/TestHorror/Content/StarterContent/Materials/M_CobbleStone_Smooth.uasset" 690
"J:/!HorrorFP/TestHorror/Content/StarterContent/Textures/T_CobbleStone_Rough_N.uasset" 691
"J:/!HorrorFP/TestHorror/Content/StarterContent/Textures/T_CobbleStone_Rough_D.uasset" 692
"J:/!HorrorFP/TestHorror/Content/StarterContent/Materials/M_CobbleStone_Rough.uasset" 693
"J:/!HorrorFP/TestHorror/Content/StarterContent/Textures/T_CobbleStone_Pebble_N.uasset" 694
"J:/!HorrorFP/TestHorror/Content/StarterContent/Textures/T_CobbleStone_Pebble_M.uasset" 695
"J:/!HorrorFP/TestHorror/Content/StarterContent/Textures/T_CobbleStone_Pebble_D.uasset" 696
"J:/!HorrorFP/TestHorror/Content/StarterContent/Materials/M_CobbleStone_Pebble.uasset" 697
"J:/!HorrorFP/TestHorror/Content/StarterContent/Textures/T_Ceramic_Tile_N.uasset" 698
"J:/!HorrorFP/TestHorror/Content/StarterContent/Textures/T_Ceramic_Tile_M.uasset" 699
"J:/!HorrorFP/TestHorror/Content/StarterContent/Materials/M_Ceramic_Tile_Checker.uasset" 700
"J:/!HorrorFP/TestHorror/Content/StarterContent/Textures/T_Brick_Hewn_Stone_N.uasset" 701
"J:/!HorrorFP/TestHorror/Content/StarterContent/Textures/T_Brick_Hewn_Stone_M.uasset" 702
"J:/!HorrorFP/TestHorror/Content/StarterContent/Textures/T_Brick_Hewn_Stone_D.uasset" 703
"J:/!HorrorFP/TestHorror/Content/StarterContent/Materials/M_Brick_Hewn_Stone.uasset" 704
"J:/!HorrorFP/TestHorror/Content/StarterContent/Textures/T_Brick_Cut_Stone_N.uasset" 705
"J:/!HorrorFP/TestHorror/Content/StarterContent/Textures/T_Brick_Cut_Stone_D.uasset" 706
"J:/!HorrorFP/TestHorror/Content/StarterContent/Materials/M_Brick_Cut_Stone.uasset" 707
"J:/!HorrorFP/TestHorror/Content/StarterContent/Textures/T_Brick_Clay_Old_N.uasset" 708
"J:/!HorrorFP/TestHorror/Content/StarterContent/Textures/T_Brick_Clay_Old_D.uasset" 709
"J:/!HorrorFP/TestHorror/Content/StarterContent/Materials/M_Brick_Clay_Old.uasset" 710
"J:/!HorrorFP/TestHorror/Content/StarterContent/Textures/T_Brick_Clay_New_N.uasset" 711
"J:/!HorrorFP/TestHorror/Content/StarterContent/Textures/T_Brick_Clay_New_M.uasset" 712
"J:/!HorrorFP/TestHorror/Content/StarterContent/Textures/T_Brick_Clay_New_D.uasset" 713
"J:/!HorrorFP/TestHorror/Content/StarterContent/Materials/M_Brick_Clay_New.uasset" 714
"J:/!HorrorFP/TestHorror/Content/StarterContent/Textures/T_Brick_Clay_Beveled_N.uasset" 715
"J:/!HorrorFP/TestHorror/Content/StarterContent/Textures/T_Brick_Clay_Beveled_M.uasset" 716
"J:/!HorrorFP/TestHorror/Content/StarterContent/Textures/T_Brick_Clay_Beveled_D.uasset" 717
"J:/!HorrorFP/TestHorror/Content/StarterContent/Materials/M_Brick_Clay_Beveled.uasset" 718
"../../../Engine/Content/Functions/Engine_MaterialFunctions03/Procedurals/ComputeFilterWidth.uasset" 719
"../../../Engine/Content/EngineMaterials/AntiAliasedTextMaterialTranslucent.uasset" 720
"J:/!HorrorFP/TestHorror/Content/StarterContent/Maps/StarterMap_BuiltData.uasset" 721
"J:/!HorrorFP/TestHorror/Content/StarterContent/Textures/T_Concrete_Poured_N.uasset" 722
"J:/!HorrorFP/TestHorror/Content/StarterContent/Textures/T_Concrete_Poured_D.uasset" 723
"J:/!HorrorFP/TestHorror/Content/StarterContent/Materials/M_Concrete_Poured.uasset" 724
"J:/!HorrorFP/TestHorror/Content/StarterContent/Audio/Collapse_Cue.uasset" 725
"J:/!HorrorFP/TestHorror/Content/StarterContent/Architecture/Wall_Window_400x300.uasset" 726
"J:/!HorrorFP/TestHorror/Content/StarterContent/Architecture/Wall_Door_400x300.uasset" 727
"J:/!HorrorFP/TestHorror/Content/StarterContent/Architecture/Wall_400x200.uasset" 728
"J:/!HorrorFP/TestHorror/Content/StarterContent/Maps/StarterMap.umap" 729
"J:/!HorrorFP/TestHorror/Content/DungeonLamps/Particles/P_Fire_for_Tortches_Flame.uasset" 730
"J:/!HorrorFP/TestHorror/Content/DungeonLamps/Textures/T_DungeonLamps_002_nm.uasset" 731
"J:/!HorrorFP/TestHorror/Content/DungeonLamps/Textures/T_DungeonLamps_002_cc.uasset" 732
"J:/!HorrorFP/TestHorror/Content/DungeonLamps/Textures/T_DungeonLamps_002_aorame.uasset" 733
"J:/!HorrorFP/TestHorror/Content/DungeonLamps/Textures/T_DungeonLamps_001_nm.uasset" 734
"J:/!HorrorFP/TestHorror/Content/DungeonLamps/Textures/T_DungeonLamps_001_em.uasset" 735
"J:/!HorrorFP/TestHorror/Content/DungeonLamps/Textures/T_DungeonLamps_001_cc.uasset" 736
"J:/!HorrorFP/TestHorror/Content/DungeonLamps/Textures/T_DungeonLamps_001_aorame.uasset" 737
"J:/!HorrorFP/TestHorror/Content/DungeonLamps/Materials/M_DungeonLamps_Base.uasset" 738
"J:/!HorrorFP/TestHorror/Content/DungeonLamps/Meshes/SM_WoodStaff_11.uasset" 739
"J:/!HorrorFP/TestHorror/Content/DungeonLamps/Meshes/SM_WoodStaff_10.uasset" 740
"J:/!HorrorFP/TestHorror/Content/DungeonLamps/Meshes/SM_WoodStaff_09.uasset" 741
"J:/!HorrorFP/TestHorror/Content/DungeonLamps/Meshes/SM_WoodStaff_08.uasset" 742
"J:/!HorrorFP/TestHorror/Content/DungeonLamps/Meshes/SM_WoodStaff_07.uasset" 743
"J:/!HorrorFP/TestHorror/Content/DungeonLamps/Meshes/SM_WoodStaff_06.uasset" 744
"J:/!HorrorFP/TestHorror/Content/DungeonLamps/Meshes/SM_WoodStaff_05.uasset" 745
"J:/!HorrorFP/TestHorror/Content/DungeonLamps/Meshes/SM_WoodStaff_04.uasset" 746
"J:/!HorrorFP/TestHorror/Content/DungeonLamps/Meshes/SM_WoodStaff_03.uasset" 747
"J:/!HorrorFP/TestHorror/Content/DungeonLamps/Meshes/SM_WoodStaff_02.uasset" 748
"J:/!HorrorFP/TestHorror/Content/DungeonLamps/Meshes/SM_WoodStaff_011.uasset" 749
"J:/!HorrorFP/TestHorror/Content/DungeonLamps/Meshes/SM_WoodStaff_01.uasset" 750
"J:/!HorrorFP/TestHorror/Content/DungeonLamps/Meshes/SM_Wood_005.uasset" 751
"J:/!HorrorFP/TestHorror/Content/DungeonLamps/Meshes/SM_Wood_004.uasset" 752
"J:/!HorrorFP/TestHorror/Content/DungeonLamps/Meshes/SM_Wood_003.uasset" 753
"J:/!HorrorFP/TestHorror/Content/DungeonLamps/Meshes/SM_Wood_002.uasset" 754
"J:/!HorrorFP/TestHorror/Content/DungeonLamps/Meshes/SM_Wood_001.uasset" 755
"J:/!HorrorFP/TestHorror/Content/DungeonLamps/Meshes/SM_WallHolder_005.uasset" 756
"J:/!HorrorFP/TestHorror/Content/DungeonLamps/Meshes/SM_WallHolder_004.uasset" 757
"J:/!HorrorFP/TestHorror/Content/DungeonLamps/Meshes/SM_WallHolder_003.uasset" 758
"J:/!HorrorFP/TestHorror/Content/DungeonLamps/Meshes/SM_WallHolder_002.uasset" 759
"J:/!HorrorFP/TestHorror/Content/DungeonLamps/Meshes/SM_WallHolder_001.uasset" 760
"J:/!HorrorFP/TestHorror/Content/DungeonLamps/Meshes/SM_Ring_08.uasset" 761
"J:/!HorrorFP/TestHorror/Content/DungeonLamps/Meshes/SM_Ring_07.uasset" 762
"J:/!HorrorFP/TestHorror/Content/DungeonLamps/Meshes/SM_Ring_06.uasset" 763
"J:/!HorrorFP/TestHorror/Content/DungeonLamps/Meshes/SM_Ring_05.uasset" 764
"J:/!HorrorFP/TestHorror/Content/DungeonLamps/Meshes/SM_Ring_04.uasset" 765
"J:/!HorrorFP/TestHorror/Content/DungeonLamps/Meshes/SM_Ring_03.uasset" 766
"J:/!HorrorFP/TestHorror/Content/DungeonLamps/Meshes/SM_Ring_02.uasset" 767
"J:/!HorrorFP/TestHorror/Content/DungeonLamps/Meshes/SM_Ring_01.uasset" 768
"J:/!HorrorFP/TestHorror/Content/DungeonLamps/Meshes/SM_PotSide_04.uasset" 769
"J:/!HorrorFP/TestHorror/Content/DungeonLamps/Meshes/SM_PotSide_03.uasset" 770
"J:/!HorrorFP/TestHorror/Content/DungeonLamps/Meshes/SM_PotSide_02.uasset" 771
"J:/!HorrorFP/TestHorror/Content/DungeonLamps/Meshes/SM_PotSide_01.uasset" 772
"J:/!HorrorFP/TestHorror/Content/DungeonLamps/Meshes/SM_PotRing.uasset" 773
"J:/!HorrorFP/TestHorror/Content/DungeonLamps/Meshes/SM_Pot.uasset" 774
"J:/!HorrorFP/TestHorror/Content/DungeonLamps/Meshes/SM_Pipe_03.uasset" 775
"J:/!HorrorFP/TestHorror/Content/DungeonLamps/Meshes/SM_Pipe_02.uasset" 776
"J:/!HorrorFP/TestHorror/Content/DungeonLamps/Meshes/SM_Pipe_01.uasset" 777
"J:/!HorrorFP/TestHorror/Content/DungeonLamps/Meshes/SM_OilLamp_01_on.uasset" 778
"J:/!HorrorFP/TestHorror/Content/DungeonLamps/Meshes/SM_OilLamp_01.uasset" 779
"J:/!HorrorFP/TestHorror/Content/DungeonLamps/Meshes/SM_LightTop_002_on_B.uasset" 780
"J:/!HorrorFP/TestHorror/Content/DungeonLamps/Meshes/SM_LightTop_002_on_A.uasset" 781
"J:/!HorrorFP/TestHorror/Content/DungeonLamps/Meshes/SM_LightTop_002.uasset" 782
"J:/!HorrorFP/TestHorror/Content/DungeonLamps/Meshes/SM_LightTop_001_on_B.uasset" 783
"J:/!HorrorFP/TestHorror/Content/DungeonLamps/Meshes/SM_LightTop_001.uasset" 784
"J:/!HorrorFP/TestHorror/Content/DungeonLamps/Meshes/SM_FireWallTorchPot_AS_04_on.uasset" 785
"J:/!HorrorFP/TestHorror/Content/DungeonLamps/Meshes/SM_FireWallTorchPot_AS_04.uasset" 786
"J:/!HorrorFP/TestHorror/Content/DungeonLamps/Meshes/SM_FireWallTorchPot_AS_03_on.uasset" 787
"J:/!HorrorFP/TestHorror/Content/DungeonLamps/Meshes/SM_FireWallTorchPot_AS_02_on.uasset" 788
"J:/!HorrorFP/TestHorror/Content/DungeonLamps/Meshes/SM_FireWallTorchPot_AS_02.uasset" 789
"J:/!HorrorFP/TestHorror/Content/DungeonLamps/Meshes/SM_FireWallTorchPot_AS_01_on.uasset" 790
"J:/!HorrorFP/TestHorror/Content/DungeonLamps/Meshes/SM_FireWallTorchPot_AS_01.uasset" 791
"J:/!HorrorFP/TestHorror/Content/DungeonLamps/Meshes/SM_FireWallTorchPot_AM_04_on.uasset" 792
"J:/!HorrorFP/TestHorror/Content/DungeonLamps/Meshes/SM_FireWallTorchPot_AM_04.uasset" 793
"J:/!HorrorFP/TestHorror/Content/DungeonLamps/Meshes/SM_FireWallTorchPot_AM_03_on.uasset" 794
"J:/!HorrorFP/TestHorror/Content/DungeonLamps/Meshes/SM_FireWallTorchPot_AM_03.uasset" 795
"J:/!HorrorFP/TestHorror/Content/DungeonLamps/Meshes/SM_FireWallTorchPot_AM_02_on.uasset" 796
"J:/!HorrorFP/TestHorror/Content/DungeonLamps/Meshes/SM_FireWallTorchPot_AM_02.uasset" 797
"J:/!HorrorFP/TestHorror/Content/DungeonLamps/Meshes/SM_FireWallTorchPot_AM_01_on.uasset" 798
"J:/!HorrorFP/TestHorror/Content/DungeonLamps/Meshes/SM_FireWallTorchPot_AM_01.uasset" 799
"J:/!HorrorFP/TestHorror/Content/DungeonLamps/Meshes/SM_FireWallTorchPot_AL_03_on.uasset" 800
"J:/!HorrorFP/TestHorror/Content/DungeonLamps/Meshes/SM_FireWallTorchPot_AL_03.uasset" 801
"J:/!HorrorFP/TestHorror/Content/DungeonLamps/Meshes/SM_FireWallTorchPot_AL_01_on.uasset" 802
"J:/!HorrorFP/TestHorror/Content/DungeonLamps/Meshes/SM_FireWallTorchPot_AL_01.uasset" 803
"J:/!HorrorFP/TestHorror/Content/DungeonLamps/Meshes/SM_FireWallTorchLamp_AS_04_on.uasset" 804
"J:/!HorrorFP/TestHorror/Content/DungeonLamps/Meshes/SM_FireWallTorchLamp_AS_03_on.uasset" 805
"J:/!HorrorFP/TestHorror/Content/DungeonLamps/Meshes/SM_FireWallTorchLamp_AS_03.uasset" 806
"J:/!HorrorFP/TestHorror/Content/DungeonLamps/Meshes/SM_FireWallTorchLamp_AS_02_on.uasset" 807
"J:/!HorrorFP/TestHorror/Content/DungeonLamps/Meshes/SM_FireWallTorchLamp_AS_02.uasset" 808
"J:/!HorrorFP/TestHorror/Content/DungeonLamps/Meshes/SM_FireWallTorchLamp_AS_01_on.uasset" 809
"J:/!HorrorFP/TestHorror/Content/DungeonLamps/Meshes/SM_FireWallTorchLamp_AS_01.uasset" 810
"J:/!HorrorFP/TestHorror/Content/DungeonLamps/Meshes/SM_FireWallTorchLamp_AM_04_on.uasset" 811
"J:/!HorrorFP/TestHorror/Content/DungeonLamps/Meshes/SM_FireWallTorchLamp_AM_03_on.uasset" 812
"J:/!HorrorFP/TestHorror/Content/DungeonLamps/Meshes/SM_FireWallTorchLamp_AM_03.uasset" 813
"J:/!HorrorFP/TestHorror/Content/DungeonLamps/Meshes/SM_FireWallTorchLamp_AM_02_on.uasset" 814
"J:/!HorrorFP/TestHorror/Content/DungeonLamps/Meshes/SM_FireWallTorchLamp_AM_02.uasset" 815
"J:/!HorrorFP/TestHorror/Content/DungeonLamps/Meshes/SM_FireWallTorchLamp_AM_01_on.uasset" 816
"J:/!HorrorFP/TestHorror/Content/DungeonLamps/Meshes/SM_FireWallTorchLamp_AM_01.uasset" 817
"J:/!HorrorFP/TestHorror/Content/DungeonLamps/Meshes/SM_FireWallTorchLamp_AM_003.uasset" 818
"J:/!HorrorFP/TestHorror/Content/DungeonLamps/Meshes/SM_FireWallTorchLamp_AL_04_on.uasset" 819
"J:/!HorrorFP/TestHorror/Content/DungeonLamps/Meshes/SM_FireWallTorchLamp_AL_03_on.uasset" 820
"J:/!HorrorFP/TestHorror/Content/DungeonLamps/Meshes/SM_FireWallTorchLamp_AL_03.uasset" 821
"J:/!HorrorFP/TestHorror/Content/DungeonLamps/Meshes/SM_FireWallTorchLamp_AL_02_on.uasset" 822
"J:/!HorrorFP/TestHorror/Content/DungeonLamps/Meshes/SM_FireWallTorchLamp_AL_02.uasset" 823
"J:/!HorrorFP/TestHorror/Content/DungeonLamps/Meshes/SM_FireWallTorchLamp_AL_01_on.uasset" 824
"J:/!HorrorFP/TestHorror/Content/DungeonLamps/Meshes/SM_FireWallTorchLamp_AL_01.uasset" 825
"J:/!HorrorFP/TestHorror/Content/DungeonLamps/Meshes/SM_FireWallTorchLamp_AL_0.uasset" 826
"J:/!HorrorFP/TestHorror/Content/DungeonLamps/Meshes/SM_FireTorchPot_AS_02_on.uasset" 827
"J:/!HorrorFP/TestHorror/Content/DungeonLamps/Meshes/SM_FireTorchPot_AS_02.uasset" 828
"J:/!HorrorFP/TestHorror/Content/DungeonLamps/Meshes/SM_FireTorchPot_AS_01_on.uasset" 829
"J:/!HorrorFP/TestHorror/Content/DungeonLamps/Meshes/SM_FireTorchPot_AS_01.uasset" 830
"J:/!HorrorFP/TestHorror/Content/DungeonLamps/Meshes/SM_FireTorchPot_AM_02_on.uasset" 831
"J:/!HorrorFP/TestHorror/Content/DungeonLamps/Meshes/SM_FireTorchPot_AM_02.uasset" 832
"J:/!HorrorFP/TestHorror/Content/DungeonLamps/Meshes/SM_FireTorchPot_AM_01_on.uasset" 833
"J:/!HorrorFP/TestHorror/Content/DungeonLamps/Meshes/SM_FireTorchPot_AM_01.uasset" 834
"J:/!HorrorFP/TestHorror/Content/DungeonLamps/Meshes/SM_FireTorchPot_AL_02_on.uasset" 835
"J:/!HorrorFP/TestHorror/Content/DungeonLamps/Meshes/SM_FireTorchPot_AL_02.uasset" 836
"J:/!HorrorFP/TestHorror/Content/DungeonLamps/Meshes/SM_FireTorchPot_AL_01_on.uasset" 837
"J:/!HorrorFP/TestHorror/Content/DungeonLamps/Meshes/SM_FireTorchPot_AL_01.uasset" 838
"J:/!HorrorFP/TestHorror/Content/DungeonLamps/Meshes/SM_FireTorchPot.uasset" 839
"J:/!HorrorFP/TestHorror/Content/DungeonLamps/Meshes/SM_FireTorch_SX_003.uasset" 840
"J:/!HorrorFP/TestHorror/Content/DungeonLamps/Meshes/SM_FireTorch_SX_002.uasset" 841
"J:/!HorrorFP/TestHorror/Content/DungeonLamps/Meshes/SM_FireTorch_S_003.uasset" 842
"J:/!HorrorFP/TestHorror/Content/DungeonLamps/Meshes/SM_FireTorch_S_002.uasset" 843
"J:/!HorrorFP/TestHorror/Content/DungeonLamps/Meshes/SM_FireTorch_S_001.uasset" 844
"J:/!HorrorFP/TestHorror/Content/DungeonLamps/Meshes/SM_FireTorch_MX_003.uasset" 845
"J:/!HorrorFP/TestHorror/Content/DungeonLamps/Meshes/SM_FireTorch_MX_002.uasset" 846
"J:/!HorrorFP/TestHorror/Content/DungeonLamps/Meshes/SM_FireTorch_MX_001.uasset" 847
"J:/!HorrorFP/TestHorror/Content/DungeonLamps/Meshes/SM_FireTorch_M_003.uasset" 848
"J:/!HorrorFP/TestHorror/Content/DungeonLamps/Meshes/SM_FireTorch_M_002.uasset" 849
"J:/!HorrorFP/TestHorror/Content/DungeonLamps/Meshes/SM_FireTorch_M_001.uasset" 850
"J:/!HorrorFP/TestHorror/Content/DungeonLamps/Meshes/SM_FireTorch_LX_003.uasset" 851
"J:/!HorrorFP/TestHorror/Content/DungeonLamps/Meshes/SM_FireTorch_LX_002.uasset" 852
"J:/!HorrorFP/TestHorror/Content/DungeonLamps/Meshes/SM_FireTorch_LX_001.uasset" 853
"J:/!HorrorFP/TestHorror/Content/DungeonLamps/Meshes/SM_FireTorch_L_003.uasset" 854
"J:/!HorrorFP/TestHorror/Content/DungeonLamps/Meshes/SM_FireTorch_L_002.uasset" 855
"J:/!HorrorFP/TestHorror/Content/DungeonLamps/Meshes/SM_FireTorch_L_001.uasset" 856
"J:/!HorrorFP/TestHorror/Content/DungeonLamps/Meshes/SM_FireLightStand_C_001_on.uasset" 857
"J:/!HorrorFP/TestHorror/Content/DungeonLamps/Meshes/SM_FireLightStand_C_001.uasset" 858
"J:/!HorrorFP/TestHorror/Content/DungeonLamps/Meshes/SM_FireLightStand_B_001_on.uasset" 859
"J:/!HorrorFP/TestHorror/Content/DungeonLamps/Meshes/SM_FireLightStand_B_001.uasset" 860
"J:/!HorrorFP/TestHorror/Content/DungeonLamps/Meshes/SM_FireLightStand_A_001_on.uasset" 861
"J:/!HorrorFP/TestHorror/Content/DungeonLamps/Meshes/SM_FireLightStand_A_001.uasset" 862
"J:/!HorrorFP/TestHorror/Content/DungeonLamps/Meshes/SM_FireBasekd_C_002.uasset" 863
"J:/!HorrorFP/TestHorror/Content/DungeonLamps/Meshes/SM_FireBasekd_C_001.uasset" 864
"J:/!HorrorFP/TestHorror/Content/DungeonLamps/Meshes/SM_FireBasekd_B_002.uasset" 865
"J:/!HorrorFP/TestHorror/Content/DungeonLamps/Meshes/SM_FireBasekd_B_001.uasset" 866
"J:/!HorrorFP/TestHorror/Content/DungeonLamps/Meshes/SM_FireBasekd_B.uasset" 867
"J:/!HorrorFP/TestHorror/Content/DungeonLamps/Meshes/SM_FireBasekd_A_002.uasset" 868
"J:/!HorrorFP/TestHorror/Content/DungeonLamps/Meshes/SM_FireBasekd_A_001.uasset" 869
"J:/!HorrorFP/TestHorror/Content/DungeonLamps/Meshes/SM_FireBasekd_A.uasset" 870
"J:/!HorrorFP/TestHorror/Content/DungeonLamps/Meshes/SM_Cord_02.uasset" 871
"J:/!HorrorFP/TestHorror/Content/DungeonLamps/Meshes/SM_Cord_01.uasset" 872
"J:/!HorrorFP/TestHorror/Content/DungeonLamps/Meshes/SM_Colth_04.uasset" 873
"J:/!HorrorFP/TestHorror/Content/DungeonLamps/Meshes/SM_Colth_03.uasset" 874
"J:/!HorrorFP/TestHorror/Content/DungeonLamps/Meshes/SM_Cole_006.uasset" 875
"J:/!HorrorFP/TestHorror/Content/DungeonLamps/Meshes/SM_Cole_005.uasset" 876
"J:/!HorrorFP/TestHorror/Content/DungeonLamps/Meshes/SM_Cole_004.uasset" 877
"J:/!HorrorFP/TestHorror/Content/DungeonLamps/Meshes/SM_Cole_003.uasset" 878
"J:/!HorrorFP/TestHorror/Content/DungeonLamps/Meshes/SM_Cole_002.uasset" 879
"J:/!HorrorFP/TestHorror/Content/DungeonLamps/Meshes/SM_Cole_001.uasset" 880
"J:/!HorrorFP/TestHorror/Content/DungeonLamps/Meshes/SM_BaskedSideBeamLong_08.uasset" 881
"J:/!HorrorFP/TestHorror/Content/DungeonLamps/Meshes/SM_BaskedSideBeamLong_07.uasset" 882
"J:/!HorrorFP/TestHorror/Content/DungeonLamps/Meshes/SM_BaskedSideBeamLong_06.uasset" 883
"J:/!HorrorFP/TestHorror/Content/DungeonLamps/Meshes/SM_BaskedSideBeamLong_05.uasset" 884
"J:/!HorrorFP/TestHorror/Content/DungeonLamps/Meshes/SM_BaskedSideBeamLong_04.uasset" 885
"J:/!HorrorFP/TestHorror/Content/DungeonLamps/Meshes/SM_BaskedSideBeamLong_03.uasset" 886
"J:/!HorrorFP/TestHorror/Content/DungeonLamps/Meshes/SM_BaskedSideBeamLong_02.uasset" 887
"J:/!HorrorFP/TestHorror/Content/DungeonLamps/Meshes/SM_BaskedSideBeamLong_01.uasset" 888
"J:/!HorrorFP/TestHorror/Content/DungeonLamps/Meshes/SM_BaskedSideBeam_08.uasset" 889
"J:/!HorrorFP/TestHorror/Content/DungeonLamps/Meshes/SM_BaskedSideBeam_07.uasset" 890
"J:/!HorrorFP/TestHorror/Content/DungeonLamps/Meshes/SM_BaskedSideBeam_06.uasset" 891
"J:/!HorrorFP/TestHorror/Content/DungeonLamps/Meshes/SM_BaskedSideBeam_05.uasset" 892
"J:/!HorrorFP/TestHorror/Content/DungeonLamps/Meshes/SM_BaskedSideBeam_04.uasset" 893
"J:/!HorrorFP/TestHorror/Content/DungeonLamps/Meshes/SM_BaskedSideBeam_03.uasset" 894
"J:/!HorrorFP/TestHorror/Content/DungeonLamps/Meshes/SM_BaskedSideBeam_02.uasset" 895
"J:/!HorrorFP/TestHorror/Content/DungeonLamps/Meshes/SM_BaskedSideBeam_01.uasset" 896
"J:/!HorrorFP/TestHorror/Content/DungeonLamps/Meshes/SM_BaseBlock_096_on.uasset" 897
"J:/!HorrorFP/TestHorror/Content/DungeonLamps/Meshes/SM_BaseBlock_020_on.uasset" 898
"J:/!HorrorFP/TestHorror/Content/DungeonLamps/Meshes/SM_BaseBlock_020.uasset" 899
"J:/!HorrorFP/TestHorror/Content/DungeonLamps/Meshes/SM_BaseBlock_019.uasset" 900
"J:/!HorrorFP/TestHorror/Content/DungeonLamps/Meshes/SM_BaseBlock_018_on.uasset" 901
"J:/!HorrorFP/TestHorror/Content/DungeonLamps/Meshes/SM_BaseBlock_018.uasset" 902
"J:/!HorrorFP/TestHorror/Content/DungeonLamps/Meshes/SM_BaseBlock_017_on.uasset" 903
"J:/!HorrorFP/TestHorror/Content/DungeonLamps/Meshes/SM_BaseBlock_017.uasset" 904
"J:/!HorrorFP/TestHorror/Content/DungeonLamps/Meshes/SM_BaseBlock_016_on.uasset" 905
"J:/!HorrorFP/TestHorror/Content/DungeonLamps/Meshes/SM_BaseBlock_016.uasset" 906
"J:/!HorrorFP/TestHorror/Content/DungeonLamps/Meshes/SM_BaseBlock_015_on.uasset" 907
"J:/!HorrorFP/TestHorror/Content/DungeonLamps/Meshes/SM_BaseBlock_015.uasset" 908
"J:/!HorrorFP/TestHorror/Content/DungeonLamps/Meshes/SM_BaseBlock_014_on.uasset" 909
"J:/!HorrorFP/TestHorror/Content/DungeonLamps/Meshes/SM_BaseBlock_014.uasset" 910
"J:/!HorrorFP/TestHorror/Content/DungeonLamps/Meshes/SM_BaseBlock_013_on.uasset" 911
"J:/!HorrorFP/TestHorror/Content/DungeonLamps/Meshes/SM_BaseBlock_013.uasset" 912
"J:/!HorrorFP/TestHorror/Content/DungeonLamps/Meshes/SM_BaseBlock_012_on.uasset" 913
"J:/!HorrorFP/TestHorror/Content/DungeonLamps/Meshes/SM_BaseBlock_012.uasset" 914
"J:/!HorrorFP/TestHorror/Content/DungeonLamps/Meshes/SM_BaseBlock_011_on.uasset" 915
"J:/!HorrorFP/TestHorror/Content/DungeonLamps/Meshes/SM_BaseBlock_011.uasset" 916
"J:/!HorrorFP/TestHorror/Content/DungeonLamps/Meshes/SM_BaseBlock_010_on.uasset" 917
"J:/!HorrorFP/TestHorror/Content/DungeonLamps/Meshes/SM_BaseBlock_010.uasset" 918
"J:/!HorrorFP/TestHorror/Content/DungeonLamps/Meshes/SM_BaseBlock_009_on.uasset" 919
"J:/!HorrorFP/TestHorror/Content/DungeonLamps/Meshes/SM_BaseBlock_009.uasset" 920
"J:/!HorrorFP/TestHorror/Content/DungeonLamps/Meshes/SM_BaseBlock_007_on.uasset" 921
"J:/!HorrorFP/TestHorror/Content/DungeonLamps/Meshes/SM_BaseBlock_007.uasset" 922
"J:/!HorrorFP/TestHorror/Content/DungeonLamps/Meshes/SM_BaseBlock_006_om.uasset" 923
"J:/!HorrorFP/TestHorror/Content/DungeonLamps/Meshes/SM_BaseBlock_006.uasset" 924
"J:/!HorrorFP/TestHorror/Content/DungeonLamps/Meshes/SM_BaseBlock_005.uasset" 925
"J:/!HorrorFP/TestHorror/Content/DungeonLamps/Meshes/SM_BaseBlock_004.uasset" 926
"J:/!HorrorFP/TestHorror/Content/DungeonLamps/Meshes/SM_BaseBlock_003.uasset" 927
"J:/!HorrorFP/TestHorror/Content/DungeonLamps/Meshes/SM_BaseBlock_002.uasset" 928
"J:/!HorrorFP/TestHorror/Content/DungeonLamps/Meshes/SM_BaseBlock_001.uasset" 929
"../../../Engine/Content/MapTemplates/SM_Template_Map_Floor.uasset" 930
"J:/!HorrorFP/TestHorror/Content/DungeonLamps/Textures/T_LightFunctionShap_001.uasset" 931
"J:/!HorrorFP/TestHorror/Content/DungeonLamps/Textures/T_LightFunctionShap_004.uasset" 932
"J:/!HorrorFP/TestHorror/Content/DungeonLamps/Textures/Particles/T_Light_Line_cc.uasset" 933
"J:/!HorrorFP/TestHorror/Content/DungeonLamps/Textures/Particles/T_Light_GK_nm.uasset" 934
"J:/!HorrorFP/TestHorror/Content/DungeonLamps/Textures/Particles/T_Fire_Tiled_cc.uasset" 935
"J:/!HorrorFP/TestHorror/Content/DungeonLamps/Materials/M_Lamps.uasset" 936
"J:/!HorrorFP/TestHorror/Content/DungeonLamps/Materials/M_Lamps_Inst_001.uasset" 937
"J:/!HorrorFP/TestHorror/Content/DungeonLamps/Textures/T_DungeonLamps_003_nm.uasset" 938
"J:/!HorrorFP/TestHorror/Content/DungeonLamps/Textures/T_DungeonLamps_003_cc.uasset" 939
"J:/!HorrorFP/TestHorror/Content/DungeonLamps/Textures/T_DungeonLamps_003_aorame.uasset" 940
"J:/!HorrorFP/TestHorror/Content/DungeonLamps/Materials/M_DungeonLamps_Base_Inst_03.uasset" 941
"J:/!HorrorFP/TestHorror/Content/DungeonLamps/Textures/T_DungeonLamps_004_nme.uasset" 942
"J:/!HorrorFP/TestHorror/Content/DungeonLamps/Textures/T_DungeonLamps_004_cc.uasset" 943
"J:/!HorrorFP/TestHorror/Content/DungeonLamps/Textures/T_DungeonLamps_004_aorame.uasset" 944
"J:/!HorrorFP/TestHorror/Content/DungeonLamps/Materials/M_DungeonLamps_Base_Inst_02.uasset" 945
"J:/!HorrorFP/TestHorror/Content/DungeonLamps/Materials/M_DungeonLamps_Base_Inst_01.uasset" 946
"J:/!HorrorFP/TestHorror/Content/DungeonLamps/Materials/M_OverviewMapGround.uasset" 947
"J:/!HorrorFP/TestHorror/Content/DungeonLamps/Maps/Overview_BuiltData.uasset" 948
"J:/!HorrorFP/TestHorror/Content/DungeonLamps/Particles/P_Fire_for_Tortches_Tiny.uasset" 949
"J:/!HorrorFP/TestHorror/Content/DungeonLamps/Meshes/SM_FireTorch_SX_001.uasset" 950
"J:/!HorrorFP/TestHorror/Content/DungeonLamps/Textures/T_LightFunctionShap_003.uasset" 951
"J:/!HorrorFP/TestHorror/Content/DungeonLamps/Materials/M_Lamps_Inst_003.uasset" 952
"J:/!HorrorFP/TestHorror/Content/DungeonLamps/Bluprints/BP_DungeonLamp_02.uasset" 953
"J:/!HorrorFP/TestHorror/Content/DungeonLamps/Meshes/SM_LightTop_001_on_A.uasset" 954
"J:/!HorrorFP/TestHorror/Content/DungeonLamps/Textures/T_LightFunctionShap_002.uasset" 955
"J:/!HorrorFP/TestHorror/Content/DungeonLamps/Materials/M_Lamps_Inst_002.uasset" 956
"J:/!HorrorFP/TestHorror/Content/DungeonLamps/Particles/P_Fire_for_Tortches_Small.uasset" 957
"J:/!HorrorFP/TestHorror/Content/DungeonLamps/Bluprints/BP_DungeonLamp_01.uasset" 958
"J:/!HorrorFP/TestHorror/Content/DungeonLamps/Meshes/SM_BaseBlock_008_on.uasset" 959
"J:/!HorrorFP/TestHorror/Content/DungeonLamps/Meshes/SM_BaseBlock_008.uasset" 960
"J:/!HorrorFP/TestHorror/Content/DungeonLamps/Bluprints/BP_DungeonLamp_00.uasset" 961
"J:/!HorrorFP/TestHorror/Content/DungeonLamps/Maps/Overview.umap" 962
"../../../Engine/Content/Maps/Entry_BuiltData.uasset" 963
"../../../Engine/Content/Maps/Entry.umap" 964
